# JRE version: OpenJDK Runtime Environment Temurin-21.0.9+10 (21.0.9+10) (build 21.0.9+10-LTS)
# Java VM: OpenJDK 64-Bit Server VM Temurin-21.0.9+10 (21.0.9+10-LTS, mixed mode, sharing, tiered, compressed oops, compressed class ptrs, g1 gc, windows-amd64)
GC Precious Log:
 CardTable entry size: 512
 Card Set container configuration: InlinePtr #cards 5 size 8 Array Of Cards #cards 12 size 40 Howl #buckets 4 coarsen threshold 1843 Howl Bitmap #cards 512 size 80 coarsen threshold 460 Card regions per heap region 1 cards per card region 2048
 CPUs: 12 total, 12 available
 Memory: 7484M
 Large Page Support: Disabled
 NUMA Support: Disabled
 Compressed Oops: Enabled (32-bit)
 Heap Region Size: 1M
 Heap Min Capacity: 8M
 Heap Initial Capacity: 118M
 Heap Max Capacity: 2G
 Pre-touch: Disabled
 Parallel Workers: 10
 Concurrent Workers: 3
 Concurrent Refinement Workers: 10
 Periodic GC: Disabled
Heap:
 garbage-first heap   total 193536K, used 123562K [0x0000000080000000, 0x0000000100000000)
  region size 1024K, 17 young (17408K), 7 survivors (7168K)
 Metaspace       used 95310K, committed 97472K, reserved 1179648K
  class space    used 13203K, committed 14272K, reserved 1048576K
GC Heap History (20 events):
Event: 71.155 GC heap before
{Heap before GC invocations=23 (full 0):
 garbage-first heap   total 96256K, used 94766K [0x0000000080000000, 0x0000000100000000)
  region size 1024K, 37 young (37888K), 4 survivors (4096K)
 Metaspace       used 73883K, committed 75840K, reserved 1114112K
  class space    used 10744K, committed 11648K, reserved 1048576K
}
Event: 71.182 GC heap after
{Heap after GC invocations=24 (full 0):
 garbage-first heap   total 104448K, used 63729K [0x0000000080000000, 0x0000000100000000)
  region size 1024K, 5 young (5120K), 5 survivors (5120K)
 Metaspace       used 73883K, committed 75840K, reserved 1114112K
  class space    used 10744K, committed 11648K, reserved 1048576K
}
Event: 72.642 GC heap before
{Heap before GC invocations=24 (full 0):
 garbage-first heap   total 104448K, used 93425K [0x0000000080000000, 0x0000000100000000)
  region size 1024K, 35 young (35840K), 5 survivors (5120K)
 Metaspace       used 74026K, committed 75968K, reserved 1114112K
  class space    used 10748K, committed 11648K, reserved 1048576K
}
Event: 72.673 GC heap after
{Heap after GC invocations=25 (full 0):
 garbage-first heap   total 108544K, used 65378K [0x0000000080000000, 0x0000000100000000)
  region size 1024K, 5 young (5120K), 5 survivors (5120K)
 Metaspace       used 74026K, committed 75968K, reserved 1114112K
  class space    used 10748K, committed 11648K, reserved 1048576K
}
Event: 74.296 GC heap before
{Heap before GC invocations=26 (full 0):
 garbage-first heap   total 111616K, used 102242K [0x0000000080000000, 0x0000000100000000)
  region size 1024K, 34 young (34816K), 5 survivors (5120K)
 Metaspace       used 74027K, committed 75968K, reserved 1114112K
  class space    used 10748K, committed 11648K, reserved 1048576K
}
Event: 74.317 GC heap after
{Heap after GC invocations=27 (full 0):
 garbage-first heap   total 116736K, used 79752K [0x0000000080000000, 0x0000000100000000)
  region size 1024K, 5 young (5120K), 5 survivors (5120K)
 Metaspace       used 74027K, committed 75968K, reserved 1114112K
  class space    used 10748K, committed 11648K, reserved 1048576K
}
Event: 75.472 GC heap before
{Heap before GC invocations=27 (full 0):
 garbage-first heap   total 116736K, used 104328K [0x0000000080000000, 0x0000000100000000)
  region size 1024K, 28 young (28672K), 5 survivors (5120K)
 Metaspace       used 74028K, committed 75968K, reserved 1114112K
  class space    used 10748K, committed 11648K, reserved 1048576K
}
Event: 75.495 GC heap after
{Heap after GC invocations=28 (full 0):
 garbage-first heap   total 117760K, used 80799K [0x0000000080000000, 0x0000000100000000)
  region size 1024K, 4 young (4096K), 4 survivors (4096K)
 Metaspace       used 74028K, committed 75968K, reserved 1114112K
  class space    used 10748K, committed 11648K, reserved 1048576K
}
Event: 75.507 GC heap before
{Heap before GC invocations=28 (full 0):
 garbage-first heap   total 117760K, used 80799K [0x0000000080000000, 0x0000000100000000)
  region size 1024K, 5 young (5120K), 4 survivors (4096K)
 Metaspace       used 74028K, committed 75968K, reserved 1114112K
  class space    used 10748K, committed 11648K, reserved 1048576K
}
Event: 75.534 GC heap after
{Heap after GC invocations=29 (full 0):
 garbage-first heap   total 141312K, used 82213K [0x0000000080000000, 0x0000000100000000)
  region size 1024K, 1 young (1024K), 1 survivors (1024K)
 Metaspace       used 74028K, committed 75968K, reserved 1114112K
  class space    used 10748K, committed 11648K, reserved 1048576K
}
Event: 82.805 GC heap before
{Heap before GC invocations=30 (full 0):
 garbage-first heap   total 141312K, used 118053K [0x0000000080000000, 0x0000000100000000)
  region size 1024K, 36 young (36864K), 1 survivors (1024K)
 Metaspace       used 77171K, committed 79040K, reserved 1179648K
  class space    used 11131K, committed 12032K, reserved 1048576K
}
Event: 82.812 GC heap after
{Heap after GC invocations=31 (full 0):
 garbage-first heap   total 141312K, used 85596K [0x0000000080000000, 0x0000000100000000)
  region size 1024K, 4 young (4096K), 4 survivors (4096K)
 Metaspace       used 77171K, committed 79040K, reserved 1179648K
  class space    used 11131K, committed 12032K, reserved 1048576K
}
Event: 86.800 GC heap before
{Heap before GC invocations=31 (full 0):
 garbage-first heap   total 141312K, used 136796K [0x0000000080000000, 0x0000000100000000)
  region size 1024K, 38 young (38912K), 4 survivors (4096K)
 Metaspace       used 79189K, committed 81024K, reserved 1179648K
  class space    used 11327K, committed 12224K, reserved 1048576K
}
Event: 86.824 GC heap after
{Heap after GC invocations=32 (full 0):
 garbage-first heap   total 148480K, used 105996K [0x0000000080000000, 0x0000000100000000)
  region size 1024K, 5 young (5120K), 5 survivors (5120K)
 Metaspace       used 79189K, committed 81024K, reserved 1179648K
  class space    used 11327K, committed 12224K, reserved 1048576K
}
Event: 90.729 GC heap before
{Heap before GC invocations=32 (full 0):
 garbage-first heap   total 148480K, used 132620K [0x0000000080000000, 0x0000000100000000)
  region size 1024K, 31 young (31744K), 5 survivors (5120K)
 Metaspace       used 82196K, committed 84096K, reserved 1179648K
  class space    used 11615K, committed 12544K, reserved 1048576K
}
Event: 90.742 GC heap after
{Heap after GC invocations=33 (full 0):
 garbage-first heap   total 148480K, used 108321K [0x0000000080000000, 0x0000000100000000)
  region size 1024K, 2 young (2048K), 2 survivors (2048K)
 Metaspace       used 82196K, committed 84096K, reserved 1179648K
  class space    used 11615K, committed 12544K, reserved 1048576K
}
Event: 94.891 GC heap before
{Heap before GC invocations=34 (full 0):
 garbage-first heap   total 181248K, used 134945K [0x0000000080000000, 0x0000000100000000)
  region size 1024K, 28 young (28672K), 2 survivors (2048K)
 Metaspace       used 85297K, committed 87424K, reserved 1179648K
  class space    used 11954K, committed 12992K, reserved 1048576K
}
Event: 94.896 GC heap after
{Heap after GC invocations=35 (full 0):
 garbage-first heap   total 181248K, used 109900K [0x0000000080000000, 0x0000000100000000)
  region size 1024K, 4 young (4096K), 4 survivors (4096K)
 Metaspace       used 85297K, committed 87424K, reserved 1179648K
  class space    used 11954K, committed 12992K, reserved 1048576K
}
Event: 98.865 GC heap before
{Heap before GC invocations=35 (full 0):
 garbage-first heap   total 181248K, used 160076K [0x0000000080000000, 0x0000000100000000)
  region size 1024K, 54 young (55296K), 4 survivors (4096K)
 Metaspace       used 91791K, committed 93952K, reserved 1179648K
  class space    used 12746K, committed 13824K, reserved 1048576K
}
Event: 98.874 GC heap after
{Heap after GC invocations=36 (full 0):
 garbage-first heap   total 181248K, used 110961K [0x0000000080000000, 0x0000000100000000)
  region size 1024K, 6 young (6144K), 6 survivors (6144K)
 Metaspace       used 91791K, committed 93952K, reserved 1179648K
  class space    used 12746K, committed 13824K, reserved 1048576K
}

