# JRE version: OpenJDK Runtime Environment Temurin-21.0.9+10 (21.0.9+10) (build 21.0.9+10-LTS)
# Java VM: OpenJDK 64-Bit Server VM Temurin-21.0.9+10 (21.0.9+10-LTS, mixed mode, sharing, tiered, compressed oops, compressed class ptrs, g1 gc, windows-amd64)
GC Precious Log:
 CardTable entry size: 512
 Card Set container configuration: InlinePtr #cards 5 size 8 Array Of Cards #cards 12 size 40 Howl #buckets 4 coarsen threshold 1843 Howl Bitmap #cards 512 size 80 coarsen threshold 460 Card regions per heap region 1 cards per card region 2048
 CPUs: 12 total, 12 available
 Memory: 7484M
 Large Page Support: Disabled
 NUMA Support: Disabled
 Compressed Oops: Enabled (32-bit)
 Heap Region Size: 1M
 Heap Min Capacity: 8M
 Heap Initial Capacity: 118M
 Heap Max Capacity: 2G
 Pre-touch: Disabled
 Parallel Workers: 10
 Concurrent Workers: 3
 Concurrent Refinement Workers: 10
 Periodic GC: Disabled
Heap:
 garbage-first heap   total 97280K, used 42631K [0x0000000080000000, 0x0000000100000000)
  region size 1024K, 5 young (5120K), 5 survivors (5120K)
 Metaspace       used 65830K, committed 67648K, reserved 1114112K
  class space    used 9803K, committed 10688K, reserved 1048576K
GC Heap History (20 events):
Event: 6.289 GC heap after
{Heap after GC invocations=4 (full 0):
 garbage-first heap   total 120832K, used 22054K [0x0000000080000000, 0x0000000100000000)
  region size 1024K, 9 young (9216K), 9 survivors (9216K)
 Metaspace       used 18021K, committed 18560K, reserved 1114112K
  class space    used 2579K, committed 2816K, reserved 1048576K
}
Event: 7.142 GC heap before
{Heap before GC invocations=4 (full 0):
 garbage-first heap   total 120832K, used 45606K [0x0000000080000000, 0x0000000100000000)
  region size 1024K, 33 young (33792K), 9 survivors (9216K)
 Metaspace       used 20895K, committed 21504K, reserved 1114112K
  class space    used 3095K, committed 3392K, reserved 1048576K
}
Event: 7.148 GC heap after
{Heap after GC invocations=5 (full 0):
 garbage-first heap   total 120832K, used 24173K [0x0000000080000000, 0x0000000100000000)
  region size 1024K, 7 young (7168K), 7 survivors (7168K)
 Metaspace       used 20895K, committed 21504K, reserved 1114112K
  class space    used 3095K, committed 3392K, reserved 1048576K
}
Event: 10.143 GC heap before
{Heap before GC invocations=6 (full 0):
 garbage-first heap   total 86016K, used 84589K [0x0000000080000000, 0x0000000100000000)
  region size 1024K, 66 young (67584K), 7 survivors (7168K)
 Metaspace       used 29119K, committed 30080K, reserved 1114112K
  class space    used 4425K, committed 4864K, reserved 1048576K
}
Event: 10.154 GC heap after
{Heap after GC invocations=7 (full 0):
 garbage-first heap   total 97280K, used 27751K [0x0000000080000000, 0x0000000100000000)
  region size 1024K, 6 young (6144K), 6 survivors (6144K)
 Metaspace       used 29119K, committed 30080K, reserved 1114112K
  class space    used 4425K, committed 4864K, reserved 1048576K
}
Event: 11.600 GC heap before
{Heap before GC invocations=7 (full 0):
 garbage-first heap   total 97280K, used 78951K [0x0000000080000000, 0x0000000100000000)
  region size 1024K, 53 young (54272K), 6 survivors (6144K)
 Metaspace       used 34954K, committed 35968K, reserved 1114112K
  class space    used 5010K, committed 5504K, reserved 1048576K
}
Event: 11.608 GC heap after
{Heap after GC invocations=8 (full 0):
 garbage-first heap   total 97280K, used 34264K [0x0000000080000000, 0x0000000100000000)
  region size 1024K, 7 young (7168K), 7 survivors (7168K)
 Metaspace       used 34954K, committed 35968K, reserved 1114112K
  class space    used 5010K, committed 5504K, reserved 1048576K
}
Event: 11.677 GC heap before
{Heap before GC invocations=8 (full 0):
 garbage-first heap   total 97280K, used 36312K [0x0000000080000000, 0x0000000100000000)
  region size 1024K, 10 young (10240K), 7 survivors (7168K)
 Metaspace       used 35308K, committed 36288K, reserved 1114112K
  class space    used 5027K, committed 5504K, reserved 1048576K
}
Event: 11.683 GC heap after
{Heap after GC invocations=9 (full 0):
 garbage-first heap   total 97280K, used 34012K [0x0000000080000000, 0x0000000100000000)
  region size 1024K, 2 young (2048K), 2 survivors (2048K)
 Metaspace       used 35308K, committed 36288K, reserved 1114112K
  class space    used 5027K, committed 5504K, reserved 1048576K
}
Event: 13.821 GC heap before
{Heap before GC invocations=10 (full 0):
 garbage-first heap   total 97280K, used 82140K [0x0000000080000000, 0x0000000100000000)
  region size 1024K, 48 young (49152K), 2 survivors (2048K)
 Metaspace       used 38582K, committed 39808K, reserved 1114112K
  class space    used 5428K, committed 6016K, reserved 1048576K
}
Event: 13.825 GC heap after
{Heap after GC invocations=11 (full 0):
 garbage-first heap   total 97280K, used 35868K [0x0000000080000000, 0x0000000100000000)
  region size 1024K, 4 young (4096K), 4 survivors (4096K)
 Metaspace       used 38582K, committed 39808K, reserved 1114112K
  class space    used 5428K, committed 6016K, reserved 1048576K
}
Event: 15.526 GC heap before
{Heap before GC invocations=11 (full 0):
 garbage-first heap   total 97280K, used 81948K [0x0000000080000000, 0x0000000100000000)
  region size 1024K, 49 young (50176K), 4 survivors (4096K)
 Metaspace       used 43872K, committed 45440K, reserved 1114112K
  class space    used 6319K, committed 7104K, reserved 1048576K
}
Event: 15.532 GC heap after
{Heap after GC invocations=12 (full 0):
 garbage-first heap   total 97280K, used 36450K [0x0000000080000000, 0x0000000100000000)
  region size 1024K, 5 young (5120K), 5 survivors (5120K)
 Metaspace       used 43872K, committed 45440K, reserved 1114112K
  class space    used 6319K, committed 7104K, reserved 1048576K
}
Event: 17.166 GC heap before
{Heap before GC invocations=12 (full 0):
 garbage-first heap   total 97280K, used 83554K [0x0000000080000000, 0x0000000100000000)
  region size 1024K, 51 young (52224K), 5 survivors (5120K)
 Metaspace       used 49884K, committed 51584K, reserved 1114112K
  class space    used 7187K, committed 8000K, reserved 1048576K
}
Event: 17.172 GC heap after
{Heap after GC invocations=13 (full 0):
 garbage-first heap   total 97280K, used 38021K [0x0000000080000000, 0x0000000100000000)
  region size 1024K, 6 young (6144K), 6 survivors (6144K)
 Metaspace       used 49884K, committed 51584K, reserved 1114112K
  class space    used 7187K, committed 8000K, reserved 1048576K
}
Event: 20.392 GC heap before
{Heap before GC invocations=13 (full 0):
 garbage-first heap   total 97280K, used 85125K [0x0000000080000000, 0x0000000100000000)
  region size 1024K, 52 young (53248K), 6 survivors (6144K)
 Metaspace       used 55230K, committed 57024K, reserved 1114112K
  class space    used 8030K, committed 8896K, reserved 1048576K
}
Event: 20.403 GC heap after
{Heap after GC invocations=14 (full 0):
 garbage-first heap   total 97280K, used 41110K [0x0000000080000000, 0x0000000100000000)
  region size 1024K, 7 young (7168K), 7 survivors (7168K)
 Metaspace       used 55230K, committed 57024K, reserved 1114112K
  class space    used 8030K, committed 8896K, reserved 1048576K
}
Event: 21.184 GC heap before
{Heap before GC invocations=14 (full 0):
 garbage-first heap   total 97280K, used 59542K [0x0000000080000000, 0x0000000100000000)
  region size 1024K, 26 young (26624K), 7 survivors (7168K)
 Metaspace       used 59026K, committed 60736K, reserved 1114112K
  class space    used 8949K, committed 9792K, reserved 1048576K
}
Event: 21.193 GC heap after
{Heap after GC invocations=15 (full 0):
 garbage-first heap   total 97280K, used 41703K [0x0000000080000000, 0x0000000100000000)
  region size 1024K, 4 young (4096K), 4 survivors (4096K)
 Metaspace       used 59026K, committed 60736K, reserved 1114112K
  class space    used 8949K, committed 9792K, reserved 1048576K
}
Event: 22.710 GC heap before
{Heap before GC invocations=16 (full 0):
 garbage-first heap   total 97280K, used 87783K [0x0000000080000000, 0x0000000100000000)
  region size 1024K, 49 young (50176K), 4 survivors (4096K)
 Metaspace       used 65830K, committed 67648K, reserved 1114112K
  class space    used 9803K, committed 10688K, reserved 1048576K
}

