# JRE version: OpenJDK Runtime Environment Temurin-21.0.9+10 (21.0.9+10) (build 21.0.9+10-LTS)
# Java VM: OpenJDK 64-Bit Server VM Temurin-21.0.9+10 (21.0.9+10-LTS, mixed mode, sharing, tiered, compressed oops, compressed class ptrs, g1 gc, windows-amd64)
GC Precious Log:
 CardTable entry size: 512
 Card Set container configuration: InlinePtr #cards 5 size 8 Array Of Cards #cards 12 size 40 Howl #buckets 4 coarsen threshold 1843 Howl Bitmap #cards 512 size 80 coarsen threshold 460 Card regions per heap region 1 cards per card region 2048
 CPUs: 12 total, 12 available
 Memory: 7484M
 Large Page Support: Disabled
 NUMA Support: Disabled
 Compressed Oops: Enabled (32-bit)
 Heap Region Size: 1M
 Heap Min Capacity: 8M
 Heap Initial Capacity: 118M
 Heap Max Capacity: 2G
 Pre-touch: Disabled
 Parallel Workers: 10
 Concurrent Workers: 3
 Concurrent Refinement Workers: 10
 Periodic GC: Disabled
Heap:
 garbage-first heap   total 150528K, used 115358K [0x0000000080000000, 0x0000000100000000)
  region size 1024K, 7 young (7168K), 2 survivors (2048K)
 Metaspace       used 84247K, committed 86272K, reserved 1179648K
  class space    used 11957K, committed 12928K, reserved 1048576K
GC Heap History (20 events):
Event: 68.055 GC heap before
{Heap before GC invocations=32 (full 0):
 garbage-first heap   total 96256K, used 84170K [0x0000000080000000, 0x0000000100000000)
  region size 1024K, 30 young (30720K), 2 survivors (2048K)
 Metaspace       used 71905K, committed 73920K, reserved 1114112K
  class space    used 10534K, committed 11520K, reserved 1048576K
}
Event: 68.058 GC heap after
{Heap after GC invocations=33 (full 0):
 garbage-first heap   total 96256K, used 56857K [0x0000000080000000, 0x0000000100000000)
  region size 1024K, 2 young (2048K), 2 survivors (2048K)
 Metaspace       used 71905K, committed 73920K, reserved 1114112K
  class space    used 10534K, committed 11520K, reserved 1048576K
}
Event: 68.817 GC heap before
{Heap before GC invocations=34 (full 0):
 garbage-first heap   total 97280K, used 86553K [0x0000000080000000, 0x0000000100000000)
  region size 1024K, 31 young (31744K), 2 survivors (2048K)
 Metaspace       used 75671K, committed 77632K, reserved 1179648K
  class space    used 11033K, committed 12032K, reserved 1048576K
}
Event: 68.821 GC heap after
{Heap after GC invocations=35 (full 0):
 garbage-first heap   total 97280K, used 57829K [0x0000000080000000, 0x0000000100000000)
  region size 1024K, 3 young (3072K), 3 survivors (3072K)
 Metaspace       used 75671K, committed 77632K, reserved 1179648K
  class space    used 11033K, committed 12032K, reserved 1048576K
}
Event: 69.179 GC heap before
{Heap before GC invocations=35 (full 0):
 garbage-first heap   total 97280K, used 94693K [0x0000000080000000, 0x0000000100000000)
  region size 1024K, 33 young (33792K), 3 survivors (3072K)
 Metaspace       used 76996K, committed 79040K, reserved 1179648K
  class space    used 11176K, committed 12160K, reserved 1048576K
}
Event: 69.186 GC heap after
{Heap after GC invocations=36 (full 0):
 garbage-first heap   total 106496K, used 70128K [0x0000000080000000, 0x0000000100000000)
  region size 1024K, 5 young (5120K), 5 survivors (5120K)
 Metaspace       used 76996K, committed 79040K, reserved 1179648K
  class space    used 11176K, committed 12160K, reserved 1048576K
}
Event: 69.257 GC heap before
{Heap before GC invocations=36 (full 0):
 garbage-first heap   total 106496K, used 77296K [0x0000000080000000, 0x0000000100000000)
  region size 1024K, 14 young (14336K), 5 survivors (5120K)
 Metaspace       used 77105K, committed 79168K, reserved 1179648K
  class space    used 11180K, committed 12160K, reserved 1048576K
}
Event: 69.265 GC heap after
{Heap after GC invocations=37 (full 0):
 garbage-first heap   total 106496K, used 76288K [0x0000000080000000, 0x0000000100000000)
  region size 1024K, 4 young (4096K), 4 survivors (4096K)
 Metaspace       used 77105K, committed 79168K, reserved 1179648K
  class space    used 11180K, committed 12160K, reserved 1048576K
}
Event: 70.010 GC heap before
{Heap before GC invocations=38 (full 0):
 garbage-first heap   total 130048K, used 96768K [0x0000000080000000, 0x0000000100000000)
  region size 1024K, 21 young (21504K), 4 survivors (4096K)
 Metaspace       used 77114K, committed 79168K, reserved 1179648K
  class space    used 11181K, committed 12160K, reserved 1048576K
}
Event: 70.020 GC heap after
{Heap after GC invocations=39 (full 0):
 garbage-first heap   total 130048K, used 77595K [0x0000000080000000, 0x0000000100000000)
  region size 1024K, 3 young (3072K), 3 survivors (3072K)
 Metaspace       used 77114K, committed 79168K, reserved 1179648K
  class space    used 11181K, committed 12160K, reserved 1048576K
}
Event: 72.352 GC heap before
{Heap before GC invocations=39 (full 0):
 garbage-first heap   total 130048K, used 111387K [0x0000000080000000, 0x0000000100000000)
  region size 1024K, 31 young (31744K), 3 survivors (3072K)
 Metaspace       used 77121K, committed 79168K, reserved 1179648K
  class space    used 11181K, committed 12160K, reserved 1048576K
}
Event: 72.361 GC heap after
{Heap after GC invocations=40 (full 0):
 garbage-first heap   total 130048K, used 90316K [0x0000000080000000, 0x0000000100000000)
  region size 1024K, 4 young (4096K), 4 survivors (4096K)
 Metaspace       used 77121K, committed 79168K, reserved 1179648K
  class space    used 11181K, committed 12160K, reserved 1048576K
}
Event: 75.650 GC heap before
{Heap before GC invocations=40 (full 0):
 garbage-first heap   total 130048K, used 104652K [0x0000000080000000, 0x0000000100000000)
  region size 1024K, 19 young (19456K), 4 survivors (4096K)
 Metaspace       used 77122K, committed 79168K, reserved 1179648K
  class space    used 11181K, committed 12160K, reserved 1048576K
}
Event: 75.655 GC heap after
{Heap after GC invocations=41 (full 0):
 garbage-first heap   total 130048K, used 88523K [0x0000000080000000, 0x0000000100000000)
  region size 1024K, 4 young (4096K), 4 survivors (4096K)
 Metaspace       used 77122K, committed 79168K, reserved 1179648K
  class space    used 11181K, committed 12160K, reserved 1048576K
}
Event: 79.702 GC heap before
{Heap before GC invocations=42 (full 0):
 garbage-first heap   total 148480K, used 111051K [0x0000000080000000, 0x0000000100000000)
  region size 1024K, 26 young (26624K), 4 survivors (4096K)
 Metaspace       used 78253K, committed 80192K, reserved 1179648K
  class space    used 11338K, committed 12288K, reserved 1048576K
}
Event: 79.705 GC heap after
{Heap after GC invocations=43 (full 0):
 garbage-first heap   total 148480K, used 91303K [0x0000000080000000, 0x0000000100000000)
  region size 1024K, 4 young (4096K), 4 survivors (4096K)
 Metaspace       used 78253K, committed 80192K, reserved 1179648K
  class space    used 11338K, committed 12288K, reserved 1048576K
}
Event: 80.070 GC heap before
{Heap before GC invocations=43 (full 0):
 garbage-first heap   total 148480K, used 138407K [0x0000000080000000, 0x0000000100000000)
  region size 1024K, 36 young (36864K), 4 survivors (4096K)
 Metaspace       used 81392K, committed 83392K, reserved 1179648K
  class space    used 11672K, committed 12672K, reserved 1048576K
}
Event: 80.074 GC heap after
{Heap after GC invocations=44 (full 0):
 garbage-first heap   total 150528K, used 109252K [0x0000000080000000, 0x0000000100000000)
  region size 1024K, 5 young (5120K), 5 survivors (5120K)
 Metaspace       used 81392K, committed 83392K, reserved 1179648K
  class space    used 11672K, committed 12672K, reserved 1048576K
}
Event: 80.349 GC heap before
{Heap before GC invocations=44 (full 0):
 garbage-first heap   total 150528K, used 131780K [0x0000000080000000, 0x0000000100000000)
  region size 1024K, 28 young (28672K), 5 survivors (5120K)
 Metaspace       used 83761K, committed 85824K, reserved 1179648K
  class space    used 11926K, committed 12928K, reserved 1048576K
}
Event: 80.352 GC heap after
{Heap after GC invocations=45 (full 0):
 garbage-first heap   total 150528K, used 111262K [0x0000000080000000, 0x0000000100000000)
  region size 1024K, 2 young (2048K), 2 survivors (2048K)
 Metaspace       used 83761K, committed 85824K, reserved 1179648K
  class space    used 11926K, committed 12928K, reserved 1048576K
}

