# JRE version: OpenJDK Runtime Environment (21.0.7) (build 21.0.7+-13880790-b1038.58)
# Java VM: OpenJDK 64-Bit Server VM (21.0.7+-13880790-b1038.58, mixed mode, tiered, compressed oops, compressed class ptrs, g1 gc, windows-amd64)
GC Precious Log:
 CardTable entry size: 512
 Card Set container configuration: InlinePtr #cards 5 size 8 Array Of Cards #cards 12 size 40 Howl #buckets 4 coarsen threshold 1843 Howl Bitmap #cards 512 size 80 coarsen threshold 460 Card regions per heap region 1 cards per card region 2048
 CPUs: 12 total, 12 available
 Memory: 7484M
 Large Page Support: Disabled
 NUMA Support: Disabled
 Compressed Oops: Enabled (32-bit)
 Heap Region Size: 1M
 Heap Min Capacity: 8M
 Heap Initial Capacity: 118M
 Heap Max Capacity: 1872M
 Pre-touch: Disabled
 Parallel Workers: 10
 Concurrent Workers: 3
 Concurrent Refinement Workers: 10
 Periodic GC: Disabled
Heap:
 garbage-first heap   total 36864K, used 22901K [0x000000008b000000, 0x0000000100000000)
  region size 1024K, 1 young (1024K), 1 survivors (1024K)
 Metaspace       used 27847K, committed 28160K, reserved 1114112K
  class space    used 3001K, committed 3136K, reserved 1048576K
GC Heap History (13 events):
Event: 3.066 GC heap before
{Heap before GC invocations=0 (full 0):
 garbage-first heap   total 120832K, used 26624K [0x000000008b000000, 0x0000000100000000)
  region size 1024K, 23 young (23552K), 0 survivors (0K)
 Metaspace       used 14169K, committed 14336K, reserved 1114112K
  class space    used 1351K, committed 1408K, reserved 1048576K
}
Event: 3.071 GC heap after
{Heap after GC invocations=1 (full 0):
 garbage-first heap   total 120832K, used 6117K [0x000000008b000000, 0x0000000100000000)
  region size 1024K, 3 young (3072K), 3 survivors (3072K)
 Metaspace       used 14169K, committed 14336K, reserved 1114112K
  class space    used 1351K, committed 1408K, reserved 1048576K
}
Event: 3.565 GC heap before
{Heap before GC invocations=1 (full 0):
 garbage-first heap   total 120832K, used 26597K [0x000000008b000000, 0x0000000100000000)
  region size 1024K, 25 young (25600K), 3 survivors (3072K)
 Metaspace       used 21310K, committed 21504K, reserved 1114112K
  class space    used 2203K, committed 2304K, reserved 1048576K
}
Event: 3.571 GC heap after
{Heap after GC invocations=2 (full 0):
 garbage-first heap   total 120832K, used 7555K [0x000000008b000000, 0x0000000100000000)
  region size 1024K, 2 young (2048K), 2 survivors (2048K)
 Metaspace       used 21310K, committed 21504K, reserved 1114112K
  class space    used 2203K, committed 2304K, reserved 1048576K
}
Event: 3.998 GC heap before
{Heap before GC invocations=3 (full 0):
 garbage-first heap   total 27648K, used 27011K [0x000000008b000000, 0x0000000100000000)
  region size 1024K, 21 young (21504K), 2 survivors (2048K)
 Metaspace       used 25348K, committed 25600K, reserved 1114112K
  class space    used 2706K, committed 2816K, reserved 1048576K
}
Event: 4.005 GC heap after
{Heap after GC invocations=4 (full 0):
 garbage-first heap   total 33792K, used 11521K [0x000000008b000000, 0x0000000100000000)
  region size 1024K, 6 young (6144K), 6 survivors (6144K)
 Metaspace       used 25348K, committed 25600K, reserved 1114112K
  class space    used 2706K, committed 2816K, reserved 1048576K
}
Event: 4.105 GC heap before
{Heap before GC invocations=4 (full 0):
 garbage-first heap   total 33792K, used 23809K [0x000000008b000000, 0x0000000100000000)
  region size 1024K, 18 young (18432K), 6 survivors (6144K)
 Metaspace       used 25366K, committed 25600K, reserved 1114112K
  class space    used 2706K, committed 2816K, reserved 1048576K
}
Event: 5.120 GC heap after
{Heap after GC invocations=5 (full 0):
 garbage-first heap   total 36864K, used 18391K [0x000000008b000000, 0x0000000100000000)
  region size 1024K, 3 young (3072K), 3 survivors (3072K)
 Metaspace       used 25366K, committed 25600K, reserved 1114112K
  class space    used 2706K, committed 2816K, reserved 1048576K
}
Event: 5.121 GC heap before
{Heap before GC invocations=5 (full 0):
 garbage-first heap   total 36864K, used 19415K [0x000000008b000000, 0x0000000100000000)
  region size 1024K, 4 young (4096K), 3 survivors (3072K)
 Metaspace       used 25367K, committed 25600K, reserved 1114112K
  class space    used 2706K, committed 2816K, reserved 1048576K
}
Event: 5.124 GC heap after
{Heap after GC invocations=6 (full 0):
 garbage-first heap   total 36864K, used 19563K [0x000000008b000000, 0x0000000100000000)
  region size 1024K, 1 young (1024K), 1 survivors (1024K)
 Metaspace       used 25367K, committed 25600K, reserved 1114112K
  class space    used 2706K, committed 2816K, reserved 1048576K
}
Event: 5.490 GC heap before
{Heap before GC invocations=6 (full 0):
 garbage-first heap   total 36864K, used 25707K [0x000000008b000000, 0x0000000100000000)
  region size 1024K, 8 young (8192K), 1 survivors (1024K)
 Metaspace       used 26825K, committed 27136K, reserved 1114112K
  class space    used 2906K, committed 3072K, reserved 1048576K
}
Event: 5.493 GC heap after
{Heap after GC invocations=7 (full 0):
 garbage-first heap   total 36864K, used 20836K [0x000000008b000000, 0x0000000100000000)
  region size 1024K, 1 young (1024K), 1 survivors (1024K)
 Metaspace       used 26825K, committed 27136K, reserved 1114112K
  class space    used 2906K, committed 3072K, reserved 1048576K
}
Event: 5.585 GC heap before
{Heap before GC invocations=8 (full 0):
 garbage-first heap   total 36864K, used 26980K [0x000000008b000000, 0x0000000100000000)
  region size 1024K, 8 young (8192K), 1 survivors (1024K)
 Metaspace       used 27847K, committed 28160K, reserved 1114112K
  class space    used 3001K, committed 3136K, reserved 1048576K
}

