# JRE version: OpenJDK Runtime Environment Temurin-21.0.9+10 (21.0.9+10) (build 21.0.9+10-LTS)
# Java VM: OpenJDK 64-Bit Server VM Temurin-21.0.9+10 (21.0.9+10-LTS, mixed mode, sharing, tiered, compressed oops, compressed class ptrs, g1 gc, windows-amd64)
GC Precious Log:
 CardTable entry size: 512
 Card Set container configuration: InlinePtr #cards 5 size 8 Array Of Cards #cards 12 size 40 Howl #buckets 4 coarsen threshold 1843 Howl Bitmap #cards 512 size 80 coarsen threshold 460 Card regions per heap region 1 cards per card region 2048
 CPUs: 12 total, 12 available
 Memory: 7484M
 Large Page Support: Disabled
 NUMA Support: Disabled
 Compressed Oops: Enabled (32-bit)
 Heap Region Size: 1M
 Heap Min Capacity: 8M
 Heap Initial Capacity: 118M
 Heap Max Capacity: 2G
 Pre-touch: Disabled
 Parallel Workers: 10
 Concurrent Workers: 3
 Concurrent Refinement Workers: 10
 Periodic GC: Disabled
Heap:
 garbage-first heap   total 181248K, used 134010K [0x0000000080000000, 0x0000000100000000)
  region size 1024K, 27 young (27648K), 7 survivors (7168K)
 Metaspace       used 93376K, committed 95488K, reserved 1179648K
  class space    used 12975K, committed 14016K, reserved 1048576K
GC Heap History (20 events):
Event: 80.128 GC heap before
{Heap before GC invocations=23 (full 0):
 garbage-first heap   total 107520K, used 101115K [0x0000000080000000, 0x0000000100000000)
  region size 1024K, 36 young (36864K), 6 survivors (6144K)
 Metaspace       used 71678K, committed 73536K, reserved 1114112K
  class space    used 10489K, committed 11392K, reserved 1048576K
}
Event: 80.164 GC heap after
{Heap after GC invocations=24 (full 0):
 garbage-first heap   total 118784K, used 70631K [0x0000000080000000, 0x0000000100000000)
  region size 1024K, 5 young (5120K), 5 survivors (5120K)
 Metaspace       used 71678K, committed 73536K, reserved 1114112K
  class space    used 10489K, committed 11392K, reserved 1048576K
}
Event: 80.266 GC heap before
{Heap before GC invocations=24 (full 0):
 garbage-first heap   total 118784K, used 71655K [0x0000000080000000, 0x0000000100000000)
  region size 1024K, 7 young (7168K), 5 survivors (5120K)
 Metaspace       used 71678K, committed 73536K, reserved 1114112K
  class space    used 10489K, committed 11392K, reserved 1048576K
}
Event: 80.277 GC heap after
{Heap after GC invocations=25 (full 0):
 garbage-first heap   total 118784K, used 72708K [0x0000000080000000, 0x0000000100000000)
  region size 1024K, 2 young (2048K), 2 survivors (2048K)
 Metaspace       used 71678K, committed 73536K, reserved 1114112K
  class space    used 10489K, committed 11392K, reserved 1048576K
}
Event: 81.842 GC heap before
{Heap before GC invocations=26 (full 0):
 garbage-first heap   total 128000K, used 103428K [0x0000000080000000, 0x0000000100000000)
  region size 1024K, 28 young (28672K), 2 survivors (2048K)
 Metaspace       used 71678K, committed 73536K, reserved 1114112K
  class space    used 10489K, committed 11392K, reserved 1048576K
}
Event: 81.854 GC heap after
{Heap after GC invocations=27 (full 0):
 garbage-first heap   total 128000K, used 78848K [0x0000000080000000, 0x0000000100000000)
  region size 1024K, 4 young (4096K), 4 survivors (4096K)
 Metaspace       used 71678K, committed 73536K, reserved 1114112K
  class space    used 10489K, committed 11392K, reserved 1048576K
}
Event: 84.328 GC heap before
{Heap before GC invocations=27 (full 0):
 garbage-first heap   total 128000K, used 108544K [0x0000000080000000, 0x0000000100000000)
  region size 1024K, 32 young (32768K), 4 survivors (4096K)
 Metaspace       used 72771K, committed 74560K, reserved 1114112K
  class space    used 10629K, committed 11520K, reserved 1048576K
}
Event: 84.342 GC heap after
{Heap after GC invocations=28 (full 0):
 garbage-first heap   total 128000K, used 82520K [0x0000000080000000, 0x0000000100000000)
  region size 1024K, 4 young (4096K), 4 survivors (4096K)
 Metaspace       used 72771K, committed 74560K, reserved 1114112K
  class space    used 10629K, committed 11520K, reserved 1048576K
}
Event: 87.470 GC heap before
{Heap before GC invocations=28 (full 0):
 garbage-first heap   total 128000K, used 104024K [0x0000000080000000, 0x0000000100000000)
  region size 1024K, 26 young (26624K), 4 survivors (4096K)
 Metaspace       used 75877K, committed 77632K, reserved 1179648K
  class space    used 10971K, committed 11840K, reserved 1048576K
}
Event: 87.480 GC heap after
{Heap after GC invocations=29 (full 0):
 garbage-first heap   total 128000K, used 84612K [0x0000000080000000, 0x0000000100000000)
  region size 1024K, 2 young (2048K), 2 survivors (2048K)
 Metaspace       used 75877K, committed 77632K, reserved 1179648K
  class space    used 10971K, committed 11840K, reserved 1048576K
}
Event: 91.409 GC heap before
{Heap before GC invocations=30 (full 0):
 garbage-first heap   total 152576K, used 128644K [0x0000000080000000, 0x0000000100000000)
  region size 1024K, 29 young (29696K), 2 survivors (2048K)
 Metaspace       used 77049K, committed 78848K, reserved 1179648K
  class space    used 11084K, committed 11968K, reserved 1048576K
}
Event: 91.419 GC heap after
{Heap after GC invocations=31 (full 0):
 garbage-first heap   total 152576K, used 105121K [0x0000000080000000, 0x0000000100000000)
  region size 1024K, 4 young (4096K), 4 survivors (4096K)
 Metaspace       used 77049K, committed 78848K, reserved 1179648K
  class space    used 11084K, committed 11968K, reserved 1048576K
}
Event: 96.692 GC heap before
{Heap before GC invocations=31 (full 0):
 garbage-first heap   total 152576K, used 133793K [0x0000000080000000, 0x0000000100000000)
  region size 1024K, 33 young (33792K), 4 survivors (4096K)
 Metaspace       used 80527K, committed 82304K, reserved 1179648K
  class space    used 11386K, committed 12288K, reserved 1048576K
}
Event: 96.701 GC heap after
{Heap after GC invocations=32 (full 0):
 garbage-first heap   total 152576K, used 106499K [0x0000000080000000, 0x0000000100000000)
  region size 1024K, 3 young (3072K), 3 survivors (3072K)
 Metaspace       used 80527K, committed 82304K, reserved 1179648K
  class space    used 11386K, committed 12288K, reserved 1048576K
}
Event: 97.939 GC heap before
{Heap before GC invocations=32 (full 0):
 garbage-first heap   total 152576K, used 137219K [0x0000000080000000, 0x0000000100000000)
  region size 1024K, 33 young (33792K), 3 survivors (3072K)
 Metaspace       used 84161K, committed 86272K, reserved 1179648K
  class space    used 11852K, committed 12928K, reserved 1048576K
}
Event: 97.946 GC heap after
{Heap after GC invocations=33 (full 0):
 garbage-first heap   total 152576K, used 108178K [0x0000000080000000, 0x0000000100000000)
  region size 1024K, 4 young (4096K), 4 survivors (4096K)
 Metaspace       used 84161K, committed 86272K, reserved 1179648K
  class space    used 11852K, committed 12928K, reserved 1048576K
}
Event: 100.381 GC heap before
{Heap before GC invocations=34 (full 0):
 garbage-first heap   total 181248K, used 138898K [0x0000000080000000, 0x0000000100000000)
  region size 1024K, 34 young (34816K), 4 survivors (4096K)
 Metaspace       used 88003K, committed 90176K, reserved 1179648K
  class space    used 12337K, committed 13440K, reserved 1048576K
}
Event: 100.392 GC heap after
{Heap after GC invocations=35 (full 0):
 garbage-first heap   total 181248K, used 109675K [0x0000000080000000, 0x0000000100000000)
  region size 1024K, 4 young (4096K), 4 survivors (4096K)
 Metaspace       used 88003K, committed 90176K, reserved 1179648K
  class space    used 12337K, committed 13440K, reserved 1048576K
}
Event: 104.344 GC heap before
{Heap before GC invocations=35 (full 0):
 garbage-first heap   total 181248K, used 162923K [0x0000000080000000, 0x0000000100000000)
  region size 1024K, 55 young (56320K), 4 survivors (4096K)
 Metaspace       used 93125K, committed 95296K, reserved 1179648K
  class space    used 12955K, committed 14016K, reserved 1048576K
}
Event: 104.356 GC heap after
{Heap after GC invocations=36 (full 0):
 garbage-first heap   total 181248K, used 114554K [0x0000000080000000, 0x0000000100000000)
  region size 1024K, 7 young (7168K), 7 survivors (7168K)
 Metaspace       used 93125K, committed 95296K, reserved 1179648K
  class space    used 12955K, committed 14016K, reserved 1048576K
}

