# JRE version: OpenJDK Runtime Environment (21.0.7) (build 21.0.7+-13880790-b1038.58)
# Java VM: OpenJDK 64-Bit Server VM (21.0.7+-13880790-b1038.58, mixed mode, tiered, compressed oops, compressed class ptrs, g1 gc, windows-amd64)
GC Precious Log:
 CardTable entry size: 512
 Card Set container configuration: InlinePtr #cards 5 size 8 Array Of Cards #cards 12 size 40 Howl #buckets 4 coarsen threshold 1843 Howl Bitmap #cards 512 size 80 coarsen threshold 460 Card regions per heap region 1 cards per card region 2048
 CPUs: 12 total, 12 available
 Memory: 7484M
 Large Page Support: Disabled
 NUMA Support: Disabled
 Compressed Oops: Enabled (32-bit)
 Heap Region Size: 1M
 Heap Min Capacity: 8M
 Heap Initial Capacity: 118M
 Heap Max Capacity: 2G
 Pre-touch: Disabled
 Parallel Workers: 10
 Concurrent Workers: 3
 Concurrent Refinement Workers: 10
 Periodic GC: Disabled
Heap:
 garbage-first heap   total 68608K, used 41552K [0x0000000080000000, 0x0000000100000000)
  region size 1024K, 10 young (10240K), 5 survivors (5120K)
 Metaspace       used 35489K, committed 36288K, reserved 1114112K
  class space    used 4861K, committed 5248K, reserved 1048576K
GC Heap History (14 events):
Event: 2.011 GC heap before
{Heap before GC invocations=0 (full 0):
 garbage-first heap   total 120832K, used 22528K [0x0000000080000000, 0x0000000100000000)
  region size 1024K, 23 young (23552K), 0 survivors (0K)
 Metaspace       used 8137K, committed 8256K, reserved 1114112K
  class space    used 735K, committed 768K, reserved 1048576K
}
Event: 2.017 GC heap after
{Heap after GC invocations=1 (full 0):
 garbage-first heap   total 120832K, used 1840K [0x0000000080000000, 0x0000000100000000)
  region size 1024K, 2 young (2048K), 2 survivors (2048K)
 Metaspace       used 8137K, committed 8256K, reserved 1114112K
  class space    used 735K, committed 768K, reserved 1048576K
}
Event: 3.709 GC heap before
{Heap before GC invocations=1 (full 0):
 garbage-first heap   total 120832K, used 39728K [0x0000000080000000, 0x0000000100000000)
  region size 1024K, 37 young (37888K), 2 survivors (2048K)
 Metaspace       used 12355K, committed 12544K, reserved 1114112K
  class space    used 1317K, committed 1408K, reserved 1048576K
}
Event: 3.719 GC heap after
{Heap after GC invocations=2 (full 0):
 garbage-first heap   total 120832K, used 10836K [0x0000000080000000, 0x0000000100000000)
  region size 1024K, 5 young (5120K), 5 survivors (5120K)
 Metaspace       used 12355K, committed 12544K, reserved 1114112K
  class space    used 1317K, committed 1408K, reserved 1048576K
}
Event: 5.155 GC heap before
{Heap before GC invocations=2 (full 0):
 garbage-first heap   total 120832K, used 59988K [0x0000000080000000, 0x0000000100000000)
  region size 1024K, 51 young (52224K), 5 survivors (5120K)
 Metaspace       used 13056K, committed 13312K, reserved 1114112K
  class space    used 1438K, committed 1536K, reserved 1048576K
}
Event: 5.243 GC heap after
{Heap after GC invocations=3 (full 0):
 garbage-first heap   total 120832K, used 16529K [0x0000000080000000, 0x0000000100000000)
  region size 1024K, 5 young (5120K), 5 survivors (5120K)
 Metaspace       used 13056K, committed 13312K, reserved 1114112K
  class space    used 1438K, committed 1536K, reserved 1048576K
}
Event: 6.465 GC heap before
{Heap before GC invocations=3 (full 0):
 garbage-first heap   total 120832K, used 42129K [0x0000000080000000, 0x0000000100000000)
  region size 1024K, 31 young (31744K), 5 survivors (5120K)
 Metaspace       used 21232K, committed 21504K, reserved 1114112K
  class space    used 2464K, committed 2624K, reserved 1048576K
}
Event: 6.470 GC heap after
{Heap after GC invocations=4 (full 0):
 garbage-first heap   total 120832K, used 20100K [0x0000000080000000, 0x0000000100000000)
  region size 1024K, 8 young (8192K), 8 survivors (8192K)
 Metaspace       used 21232K, committed 21504K, reserved 1114112K
  class space    used 2464K, committed 2624K, reserved 1048576K
}
Event: 7.905 GC heap before
{Heap before GC invocations=5 (full 0):
 garbage-first heap   total 68608K, used 52868K [0x0000000080000000, 0x0000000100000000)
  region size 1024K, 40 young (40960K), 8 survivors (8192K)
 Metaspace       used 27202K, committed 27712K, reserved 1114112K
  class space    used 3381K, committed 3648K, reserved 1048576K
}
Event: 7.919 GC heap after
{Heap after GC invocations=6 (full 0):
 garbage-first heap   total 68608K, used 22114K [0x0000000080000000, 0x0000000100000000)
  region size 1024K, 3 young (3072K), 3 survivors (3072K)
 Metaspace       used 27202K, committed 27712K, reserved 1114112K
  class space    used 3381K, committed 3648K, reserved 1048576K
}
Event: 8.948 GC heap before
{Heap before GC invocations=6 (full 0):
 garbage-first heap   total 68608K, used 52834K [0x0000000080000000, 0x0000000100000000)
  region size 1024K, 34 young (34816K), 3 survivors (3072K)
 Metaspace       used 31262K, committed 31872K, reserved 1114112K
  class space    used 4112K, committed 4416K, reserved 1048576K
}
Event: 8.951 GC heap after
{Heap after GC invocations=7 (full 0):
 garbage-first heap   total 68608K, used 24202K [0x0000000080000000, 0x0000000100000000)
  region size 1024K, 4 young (4096K), 4 survivors (4096K)
 Metaspace       used 31262K, committed 31872K, reserved 1114112K
  class space    used 4112K, committed 4416K, reserved 1048576K
}
Event: 9.672 GC heap before
{Heap before GC invocations=7 (full 0):
 garbage-first heap   total 68608K, used 51850K [0x0000000080000000, 0x0000000100000000)
  region size 1024K, 32 young (32768K), 4 survivors (4096K)
 Metaspace       used 35191K, committed 35968K, reserved 1114112K
  class space    used 4798K, committed 5184K, reserved 1048576K
}
Event: 9.676 GC heap after
{Heap after GC invocations=8 (full 0):
 garbage-first heap   total 68608K, used 26192K [0x0000000080000000, 0x0000000100000000)
  region size 1024K, 5 young (5120K), 5 survivors (5120K)
 Metaspace       used 35191K, committed 35968K, reserved 1114112K
  class space    used 4798K, committed 5184K, reserved 1048576K
}

