# JRE version: OpenJDK Runtime Environment (21.0.7) (build 21.0.7+-13880790-b1038.58)
# Java VM: OpenJDK 64-Bit Server VM (21.0.7+-13880790-b1038.58, mixed mode, tiered, compressed oops, compressed class ptrs, g1 gc, windows-amd64)
GC Precious Log:
 CardTable entry size: 512
 Card Set container configuration: InlinePtr #cards 5 size 8 Array Of Cards #cards 12 size 40 Howl #buckets 4 coarsen threshold 1843 Howl Bitmap #cards 512 size 80 coarsen threshold 460 Card regions per heap region 1 cards per card region 2048
 CPUs: 12 total, 12 available
 Memory: 7484M
 Large Page Support: Disabled
 NUMA Support: Disabled
 Compressed Oops: Enabled (32-bit)
 Heap Region Size: 1M
 Heap Min Capacity: 8M
 Heap Initial Capacity: 118M
 Heap Max Capacity: 1872M
 Pre-touch: Disabled
 Parallel Workers: 10
 Concurrent Workers: 3
 Concurrent Refinement Workers: 10
 Periodic GC: Disabled
Heap:
 garbage-first heap   total 265216K, used 174670K [0x000000008b000000, 0x0000000100000000)
  region size 1024K, 20 young (20480K), 7 survivors (7168K)
 Metaspace       used 66306K, committed 66624K, reserved 1114112K
  class space    used 7329K, committed 7488K, reserved 1048576K
GC Heap History (20 events):
Event: 19.537 GC heap before
{Heap before GC invocations=33 (full 0):
 garbage-first heap   total 159744K, used 137611K [0x000000008b000000, 0x0000000100000000)
  region size 1024K, 44 young (45056K), 6 survivors (6144K)
 Metaspace       used 60182K, committed 60416K, reserved 1114112K
  class space    used 6879K, committed 6976K, reserved 1048576K
}
Event: 19.556 GC heap after
{Heap after GC invocations=34 (full 0):
 garbage-first heap   total 159744K, used 105356K [0x000000008b000000, 0x0000000100000000)
  region size 1024K, 6 young (6144K), 6 survivors (6144K)
 Metaspace       used 60182K, committed 60416K, reserved 1114112K
  class space    used 6879K, committed 6976K, reserved 1048576K
}
Event: 20.331 GC heap before
{Heap before GC invocations=34 (full 0):
 garbage-first heap   total 159744K, used 141196K [0x000000008b000000, 0x0000000100000000)
  region size 1024K, 41 young (41984K), 6 survivors (6144K)
 Metaspace       used 60961K, committed 61248K, reserved 1114112K
  class space    used 6964K, committed 7104K, reserved 1048576K
}
Event: 20.345 GC heap after
{Heap after GC invocations=35 (full 0):
 garbage-first heap   total 159744K, used 112640K [0x000000008b000000, 0x0000000100000000)
  region size 1024K, 6 young (6144K), 6 survivors (6144K)
 Metaspace       used 60961K, committed 61248K, reserved 1114112K
  class space    used 6964K, committed 7104K, reserved 1048576K
}
Event: 20.730 GC heap before
{Heap before GC invocations=36 (full 0):
 garbage-first heap   total 188416K, used 143360K [0x000000008b000000, 0x0000000100000000)
  region size 1024K, 36 young (36864K), 6 survivors (6144K)
 Metaspace       used 60961K, committed 61248K, reserved 1114112K
  class space    used 6964K, committed 7104K, reserved 1048576K
}
Event: 20.738 GC heap after
{Heap after GC invocations=37 (full 0):
 garbage-first heap   total 188416K, used 119610K [0x000000008b000000, 0x0000000100000000)
  region size 1024K, 5 young (5120K), 5 survivors (5120K)
 Metaspace       used 60961K, committed 61248K, reserved 1114112K
  class space    used 6964K, committed 7104K, reserved 1048576K
}
Event: 21.073 GC heap before
{Heap before GC invocations=37 (full 0):
 garbage-first heap   total 188416K, used 165690K [0x000000008b000000, 0x0000000100000000)
  region size 1024K, 50 young (51200K), 5 survivors (5120K)
 Metaspace       used 60961K, committed 61248K, reserved 1114112K
  class space    used 6964K, committed 7104K, reserved 1048576K
}
Event: 21.080 GC heap after
{Heap after GC invocations=38 (full 0):
 garbage-first heap   total 188416K, used 128000K [0x000000008b000000, 0x0000000100000000)
  region size 1024K, 7 young (7168K), 7 survivors (7168K)
 Metaspace       used 60961K, committed 61248K, reserved 1114112K
  class space    used 6964K, committed 7104K, reserved 1048576K
}
Event: 21.881 GC heap before
{Heap before GC invocations=38 (full 0):
 garbage-first heap   total 188416K, used 167936K [0x000000008b000000, 0x0000000100000000)
  region size 1024K, 46 young (47104K), 7 survivors (7168K)
 Metaspace       used 61051K, committed 61376K, reserved 1114112K
  class space    used 6964K, committed 7104K, reserved 1048576K
}
Event: 21.890 GC heap after
{Heap after GC invocations=39 (full 0):
 garbage-first heap   total 188416K, used 137105K [0x000000008b000000, 0x0000000100000000)
  region size 1024K, 6 young (6144K), 6 survivors (6144K)
 Metaspace       used 61051K, committed 61376K, reserved 1114112K
  class space    used 6964K, committed 7104K, reserved 1048576K
}
Event: 24.963 GC heap before
{Heap before GC invocations=40 (full 0):
 garbage-first heap   total 229376K, used 169873K [0x000000008b000000, 0x0000000100000000)
  region size 1024K, 38 young (38912K), 6 survivors (6144K)
 Metaspace       used 61610K, committed 61888K, reserved 1114112K
  class space    used 6968K, committed 7104K, reserved 1048576K
}
Event: 24.971 GC heap after
{Heap after GC invocations=41 (full 0):
 garbage-first heap   total 229376K, used 141761K [0x000000008b000000, 0x0000000100000000)
  region size 1024K, 4 young (4096K), 4 survivors (4096K)
 Metaspace       used 61610K, committed 61888K, reserved 1114112K
  class space    used 6968K, committed 7104K, reserved 1048576K
}
Event: 27.825 GC heap before
{Heap before GC invocations=41 (full 0):
 garbage-first heap   total 229376K, used 201153K [0x000000008b000000, 0x0000000100000000)
  region size 1024K, 62 young (63488K), 4 survivors (4096K)
 Metaspace       used 62139K, committed 62464K, reserved 1114112K
  class space    used 7007K, committed 7168K, reserved 1048576K
}
Event: 27.837 GC heap after
{Heap after GC invocations=42 (full 0):
 garbage-first heap   total 229376K, used 148274K [0x000000008b000000, 0x0000000100000000)
  region size 1024K, 8 young (8192K), 8 survivors (8192K)
 Metaspace       used 62139K, committed 62464K, reserved 1114112K
  class space    used 7007K, committed 7168K, reserved 1048576K
}
Event: 29.357 GC heap before
{Heap before GC invocations=42 (full 0):
 garbage-first heap   total 229376K, used 200498K [0x000000008b000000, 0x0000000100000000)
  region size 1024K, 59 young (60416K), 8 survivors (8192K)
 Metaspace       used 62593K, committed 62912K, reserved 1114112K
  class space    used 7023K, committed 7168K, reserved 1048576K
}
Event: 29.369 GC heap after
{Heap after GC invocations=43 (full 0):
 garbage-first heap   total 229376K, used 156574K [0x000000008b000000, 0x0000000100000000)
  region size 1024K, 8 young (8192K), 8 survivors (8192K)
 Metaspace       used 62593K, committed 62912K, reserved 1114112K
  class space    used 7023K, committed 7168K, reserved 1048576K
}
Event: 30.742 GC heap before
{Heap before GC invocations=43 (full 0):
 garbage-first heap   total 229376K, used 205726K [0x000000008b000000, 0x0000000100000000)
  region size 1024K, 56 young (57344K), 8 survivors (8192K)
 Metaspace       used 62933K, committed 63232K, reserved 1114112K
  class space    used 7030K, committed 7168K, reserved 1048576K
}
Event: 30.751 GC heap after
{Heap after GC invocations=44 (full 0):
 garbage-first heap   total 229376K, used 159087K [0x000000008b000000, 0x0000000100000000)
  region size 1024K, 3 young (3072K), 3 survivors (3072K)
 Metaspace       used 62933K, committed 63232K, reserved 1114112K
  class space    used 7030K, committed 7168K, reserved 1048576K
}
Event: 33.160 GC heap before
{Heap before GC invocations=45 (full 0):
 garbage-first heap   total 265216K, used 208239K [0x000000008b000000, 0x0000000100000000)
  region size 1024K, 52 young (53248K), 3 survivors (3072K)
 Metaspace       used 65521K, committed 65792K, reserved 1114112K
  class space    used 7290K, committed 7424K, reserved 1048576K
}
Event: 33.168 GC heap after
{Heap after GC invocations=46 (full 0):
 garbage-first heap   total 265216K, used 162382K [0x000000008b000000, 0x0000000100000000)
  region size 1024K, 7 young (7168K), 7 survivors (7168K)
 Metaspace       used 65521K, committed 65792K, reserved 1114112K
  class space    used 7290K, committed 7424K, reserved 1048576K
}

