# JRE version: OpenJDK Runtime Environment Temurin-21.0.9+10 (21.0.9+10) (build 21.0.9+10-LTS)
# Java VM: OpenJDK 64-Bit Server VM Temurin-21.0.9+10 (21.0.9+10-LTS, mixed mode, sharing, tiered, compressed oops, compressed class ptrs, parallel gc, windows-amd64)
GC Precious Log:
 CardTable entry size: 512
 CPUs: 12 total, 12 available
 Memory: 7484M
 Large Page Support: Disabled
 NUMA Support: Disabled
 Compressed Oops: Enabled (32-bit)
 Alignments: Space 512K, Generation 512K, Heap 2M
 Heap Min Capacity: 100M
 Heap Initial Capacity: 100M
 Heap Max Capacity: 2G
 Pre-touch: Disabled
 Parallel Workers: 10
Heap:
 PSYoungGen      total 22016K, used 13772K [0x00000000d5580000, 0x00000000d6c80000, 0x0000000100000000)
  eden space 21504K, 61% used [0x00000000d5580000,0x00000000d62830d0,0x00000000d6a80000)
  from space 512K, 87% used [0x00000000d6c00000,0x00000000d6c70000,0x00000000d6c80000)
  to   space 1024K, 0% used [0x00000000d6a80000,0x00000000d6a80000,0x00000000d6b80000)
 ParOldGen       total 68608K, used 56792K [0x0000000080000000, 0x0000000084300000, 0x00000000d5580000)
  object space 68608K, 82% used [0x0000000080000000,0x0000000083776320,0x0000000084300000)
 Metaspace       used 63601K, committed 65024K, reserved 1114112K
  class space    used 7992K, committed 8576K, reserved 1048576K
GC Heap History (20 events):
Event: 35.887 GC heap before
{Heap before GC invocations=42 (full 3):
 PSYoungGen      total 23040K, used 22957K [0x00000000d5580000, 0x00000000d6e00000, 0x0000000100000000)
  eden space 22016K, 100% used [0x00000000d5580000,0x00000000d6b00000,0x00000000d6b00000)
  from space 1024K, 91% used [0x00000000d6d00000,0x00000000d6deb420,0x00000000d6e00000)
  to   space 1536K, 0% used [0x00000000d6b00000,0x00000000d6b00000,0x00000000d6c80000)
 ParOldGen       total 68608K, used 54115K [0x0000000080000000, 0x0000000084300000, 0x00000000d5580000)
  object space 68608K, 78% used [0x0000000080000000,0x00000000834d8ce8,0x0000000084300000)
 Metaspace       used 61377K, committed 62784K, reserved 1114112K
  class space    used 7630K, committed 8256K, reserved 1048576K
}
Event: 35.888 GC heap after
{Heap after GC invocations=42 (full 3):
 PSYoungGen      total 23552K, used 966K [0x00000000d5580000, 0x00000000d6d80000, 0x0000000100000000)
  eden space 22016K, 0% used [0x00000000d5580000,0x00000000d5580000,0x00000000d6b00000)
  from space 1536K, 62% used [0x00000000d6b00000,0x00000000d6bf1ab0,0x00000000d6c80000)
  to   space 1024K, 0% used [0x00000000d6c80000,0x00000000d6c80000,0x00000000d6d80000)
 ParOldGen       total 68608K, used 54571K [0x0000000080000000, 0x0000000084300000, 0x00000000d5580000)
  object space 68608K, 79% used [0x0000000080000000,0x000000008354ae30,0x0000000084300000)
 Metaspace       used 61377K, committed 62784K, reserved 1114112K
  class space    used 7630K, committed 8256K, reserved 1048576K
}
Event: 36.403 GC heap before
{Heap before GC invocations=43 (full 3):
 PSYoungGen      total 23552K, used 22982K [0x00000000d5580000, 0x00000000d6d80000, 0x0000000100000000)
  eden space 22016K, 100% used [0x00000000d5580000,0x00000000d6b00000,0x00000000d6b00000)
  from space 1536K, 62% used [0x00000000d6b00000,0x00000000d6bf1ab0,0x00000000d6c80000)
  to   space 1024K, 0% used [0x00000000d6c80000,0x00000000d6c80000,0x00000000d6d80000)
 ParOldGen       total 68608K, used 54571K [0x0000000080000000, 0x0000000084300000, 0x00000000d5580000)
  object space 68608K, 79% used [0x0000000080000000,0x000000008354ae30,0x0000000084300000)
 Metaspace       used 61377K, committed 62784K, reserved 1114112K
  class space    used 7630K, committed 8256K, reserved 1048576K
}
Event: 36.404 GC heap after
{Heap after GC invocations=43 (full 3):
 PSYoungGen      total 22528K, used 192K [0x00000000d5580000, 0x00000000d6d00000, 0x0000000100000000)
  eden space 22016K, 0% used [0x00000000d5580000,0x00000000d5580000,0x00000000d6b00000)
  from space 512K, 37% used [0x00000000d6c80000,0x00000000d6cb0000,0x00000000d6d00000)
  to   space 512K, 0% used [0x00000000d6c00000,0x00000000d6c00000,0x00000000d6c80000)
 ParOldGen       total 68608K, used 54811K [0x0000000080000000, 0x0000000084300000, 0x00000000d5580000)
  object space 68608K, 79% used [0x0000000080000000,0x0000000083586e30,0x0000000084300000)
 Metaspace       used 61377K, committed 62784K, reserved 1114112K
  class space    used 7630K, committed 8256K, reserved 1048576K
}
Event: 36.837 GC heap before
{Heap before GC invocations=44 (full 3):
 PSYoungGen      total 22528K, used 22208K [0x00000000d5580000, 0x00000000d6d00000, 0x0000000100000000)
  eden space 22016K, 100% used [0x00000000d5580000,0x00000000d6b00000,0x00000000d6b00000)
  from space 512K, 37% used [0x00000000d6c80000,0x00000000d6cb0000,0x00000000d6d00000)
  to   space 512K, 0% used [0x00000000d6c00000,0x00000000d6c00000,0x00000000d6c80000)
 ParOldGen       total 68608K, used 54811K [0x0000000080000000, 0x0000000084300000, 0x00000000d5580000)
  object space 68608K, 79% used [0x0000000080000000,0x0000000083586e30,0x0000000084300000)
 Metaspace       used 61377K, committed 62784K, reserved 1114112K
  class space    used 7630K, committed 8256K, reserved 1048576K
}
Event: 36.838 GC heap after
{Heap after GC invocations=44 (full 3):
 PSYoungGen      total 22528K, used 496K [0x00000000d5580000, 0x00000000d6d00000, 0x0000000100000000)
  eden space 22016K, 0% used [0x00000000d5580000,0x00000000d5580000,0x00000000d6b00000)
  from space 512K, 97% used [0x00000000d6c00000,0x00000000d6c7c3f8,0x00000000d6c80000)
  to   space 512K, 0% used [0x00000000d6c80000,0x00000000d6c80000,0x00000000d6d00000)
 ParOldGen       total 68608K, used 54993K [0x0000000080000000, 0x0000000084300000, 0x00000000d5580000)
  object space 68608K, 80% used [0x0000000080000000,0x00000000835b4610,0x0000000084300000)
 Metaspace       used 61377K, committed 62784K, reserved 1114112K
  class space    used 7630K, committed 8256K, reserved 1048576K
}
Event: 37.478 GC heap before
{Heap before GC invocations=45 (full 3):
 PSYoungGen      total 22528K, used 22512K [0x00000000d5580000, 0x00000000d6d00000, 0x0000000100000000)
  eden space 22016K, 100% used [0x00000000d5580000,0x00000000d6b00000,0x00000000d6b00000)
  from space 512K, 97% used [0x00000000d6c00000,0x00000000d6c7c3f8,0x00000000d6c80000)
  to   space 512K, 0% used [0x00000000d6c80000,0x00000000d6c80000,0x00000000d6d00000)
 ParOldGen       total 68608K, used 54993K [0x0000000080000000, 0x0000000084300000, 0x00000000d5580000)
  object space 68608K, 80% used [0x0000000080000000,0x00000000835b4610,0x0000000084300000)
 Metaspace       used 61377K, committed 62784K, reserved 1114112K
  class space    used 7630K, committed 8256K, reserved 1048576K
}
Event: 37.480 GC heap after
{Heap after GC invocations=45 (full 3):
 PSYoungGen      total 22528K, used 487K [0x00000000d5580000, 0x00000000d6e00000, 0x0000000100000000)
  eden space 22016K, 0% used [0x00000000d5580000,0x00000000d5580000,0x00000000d6b00000)
  from space 512K, 95% used [0x00000000d6c80000,0x00000000d6cf9f00,0x00000000d6d00000)
  to   space 1536K, 0% used [0x00000000d6b00000,0x00000000d6b00000,0x00000000d6c80000)
 ParOldGen       total 68608K, used 55793K [0x0000000080000000, 0x0000000084300000, 0x00000000d5580000)
  object space 68608K, 81% used [0x0000000080000000,0x000000008367c428,0x0000000084300000)
 Metaspace       used 61377K, committed 62784K, reserved 1114112K
  class space    used 7630K, committed 8256K, reserved 1048576K
}
Event: 38.107 GC heap before
{Heap before GC invocations=46 (full 3):
 PSYoungGen      total 22528K, used 22503K [0x00000000d5580000, 0x00000000d6e00000, 0x0000000100000000)
  eden space 22016K, 100% used [0x00000000d5580000,0x00000000d6b00000,0x00000000d6b00000)
  from space 512K, 95% used [0x00000000d6c80000,0x00000000d6cf9f00,0x00000000d6d00000)
  to   space 1536K, 0% used [0x00000000d6b00000,0x00000000d6b00000,0x00000000d6c80000)
 ParOldGen       total 68608K, used 55793K [0x0000000080000000, 0x0000000084300000, 0x00000000d5580000)
  object space 68608K, 81% used [0x0000000080000000,0x000000008367c428,0x0000000084300000)
 Metaspace       used 61377K, committed 62784K, reserved 1114112K
  class space    used 7630K, committed 8256K, reserved 1048576K
}
Event: 38.108 GC heap after
{Heap after GC invocations=46 (full 3):
 PSYoungGen      total 23040K, used 873K [0x00000000d5580000, 0x00000000d6d00000, 0x0000000100000000)
  eden space 22016K, 0% used [0x00000000d5580000,0x00000000d5580000,0x00000000d6b00000)
  from space 1024K, 85% used [0x00000000d6b00000,0x00000000d6bda5e8,0x00000000d6c00000)
  to   space 1024K, 0% used [0x00000000d6c00000,0x00000000d6c00000,0x00000000d6d00000)
 ParOldGen       total 68608K, used 55825K [0x0000000080000000, 0x0000000084300000, 0x00000000d5580000)
  object space 68608K, 81% used [0x0000000080000000,0x0000000083684428,0x0000000084300000)
 Metaspace       used 61377K, committed 62784K, reserved 1114112K
  class space    used 7630K, committed 8256K, reserved 1048576K
}
Event: 38.656 GC heap before
{Heap before GC invocations=47 (full 3):
 PSYoungGen      total 23040K, used 22889K [0x00000000d5580000, 0x00000000d6d00000, 0x0000000100000000)
  eden space 22016K, 100% used [0x00000000d5580000,0x00000000d6b00000,0x00000000d6b00000)
  from space 1024K, 85% used [0x00000000d6b00000,0x00000000d6bda5e8,0x00000000d6c00000)
  to   space 1024K, 0% used [0x00000000d6c00000,0x00000000d6c00000,0x00000000d6d00000)
 ParOldGen       total 68608K, used 55825K [0x0000000080000000, 0x0000000084300000, 0x00000000d5580000)
  object space 68608K, 81% used [0x0000000080000000,0x0000000083684428,0x0000000084300000)
 Metaspace       used 61378K, committed 62784K, reserved 1114112K
  class space    used 7630K, committed 8256K, reserved 1048576K
}
Event: 38.657 GC heap after
{Heap after GC invocations=47 (full 3):
 PSYoungGen      total 22528K, used 256K [0x00000000d5580000, 0x00000000d6c80000, 0x0000000100000000)
  eden space 22016K, 0% used [0x00000000d5580000,0x00000000d5580000,0x00000000d6b00000)
  from space 512K, 50% used [0x00000000d6c00000,0x00000000d6c40000,0x00000000d6c80000)
  to   space 512K, 0% used [0x00000000d6b80000,0x00000000d6b80000,0x00000000d6c00000)
 ParOldGen       total 68608K, used 55897K [0x0000000080000000, 0x0000000084300000, 0x00000000d5580000)
  object space 68608K, 81% used [0x0000000080000000,0x0000000083696428,0x0000000084300000)
 Metaspace       used 61378K, committed 62784K, reserved 1114112K
  class space    used 7630K, committed 8256K, reserved 1048576K
}
Event: 39.101 GC heap before
{Heap before GC invocations=48 (full 3):
 PSYoungGen      total 22528K, used 22272K [0x00000000d5580000, 0x00000000d6c80000, 0x0000000100000000)
  eden space 22016K, 100% used [0x00000000d5580000,0x00000000d6b00000,0x00000000d6b00000)
  from space 512K, 50% used [0x00000000d6c00000,0x00000000d6c40000,0x00000000d6c80000)
  to   space 512K, 0% used [0x00000000d6b80000,0x00000000d6b80000,0x00000000d6c00000)
 ParOldGen       total 68608K, used 55897K [0x0000000080000000, 0x0000000084300000, 0x00000000d5580000)
  object space 68608K, 81% used [0x0000000080000000,0x0000000083696428,0x0000000084300000)
 Metaspace       used 61378K, committed 62784K, reserved 1114112K
  class space    used 7630K, committed 8256K, reserved 1048576K
}
Event: 39.102 GC heap after
{Heap after GC invocations=48 (full 3):
 PSYoungGen      total 22528K, used 305K [0x00000000d5580000, 0x00000000d6c80000, 0x0000000100000000)
  eden space 22016K, 0% used [0x00000000d5580000,0x00000000d5580000,0x00000000d6b00000)
  from space 512K, 59% used [0x00000000d6b80000,0x00000000d6bcc640,0x00000000d6c00000)
  to   space 512K, 0% used [0x00000000d6c00000,0x00000000d6c00000,0x00000000d6c80000)
 ParOldGen       total 68608K, used 56047K [0x0000000080000000, 0x0000000084300000, 0x00000000d5580000)
  object space 68608K, 81% used [0x0000000080000000,0x00000000836bbe48,0x0000000084300000)
 Metaspace       used 61378K, committed 62784K, reserved 1114112K
  class space    used 7630K, committed 8256K, reserved 1048576K
}
Event: 39.518 GC heap before
{Heap before GC invocations=49 (full 3):
 PSYoungGen      total 22528K, used 22321K [0x00000000d5580000, 0x00000000d6c80000, 0x0000000100000000)
  eden space 22016K, 100% used [0x00000000d5580000,0x00000000d6b00000,0x00000000d6b00000)
  from space 512K, 59% used [0x00000000d6b80000,0x00000000d6bcc640,0x00000000d6c00000)
  to   space 512K, 0% used [0x00000000d6c00000,0x00000000d6c00000,0x00000000d6c80000)
 ParOldGen       total 68608K, used 56047K [0x0000000080000000, 0x0000000084300000, 0x00000000d5580000)
  object space 68608K, 81% used [0x0000000080000000,0x00000000836bbe48,0x0000000084300000)
 Metaspace       used 61378K, committed 62784K, reserved 1114112K
  class space    used 7630K, committed 8256K, reserved 1048576K
}
Event: 39.519 GC heap after
{Heap after GC invocations=49 (full 3):
 PSYoungGen      total 22016K, used 492K [0x00000000d5580000, 0x00000000d6e00000, 0x0000000100000000)
  eden space 21504K, 0% used [0x00000000d5580000,0x00000000d5580000,0x00000000d6a80000)
  from space 512K, 96% used [0x00000000d6c00000,0x00000000d6c7b170,0x00000000d6c80000)
  to   space 1536K, 0% used [0x00000000d6a80000,0x00000000d6a80000,0x00000000d6c00000)
 ParOldGen       total 68608K, used 56648K [0x0000000080000000, 0x0000000084300000, 0x00000000d5580000)
  object space 68608K, 82% used [0x0000000080000000,0x0000000083752320,0x0000000084300000)
 Metaspace       used 61378K, committed 62784K, reserved 1114112K
  class space    used 7630K, committed 8256K, reserved 1048576K
}
Event: 39.867 GC heap before
{Heap before GC invocations=50 (full 3):
 PSYoungGen      total 22016K, used 21996K [0x00000000d5580000, 0x00000000d6e00000, 0x0000000100000000)
  eden space 21504K, 100% used [0x00000000d5580000,0x00000000d6a80000,0x00000000d6a80000)
  from space 512K, 96% used [0x00000000d6c00000,0x00000000d6c7b170,0x00000000d6c80000)
  to   space 1536K, 0% used [0x00000000d6a80000,0x00000000d6a80000,0x00000000d6c00000)
 ParOldGen       total 68608K, used 56648K [0x0000000080000000, 0x0000000084300000, 0x00000000d5580000)
  object space 68608K, 82% used [0x0000000080000000,0x0000000083752320,0x0000000084300000)
 Metaspace       used 61378K, committed 62784K, reserved 1114112K
  class space    used 7630K, committed 8256K, reserved 1048576K
}
Event: 39.868 GC heap after
{Heap after GC invocations=50 (full 3):
 PSYoungGen      total 23040K, used 1354K [0x00000000d5580000, 0x00000000d6d80000, 0x0000000100000000)
  eden space 21504K, 0% used [0x00000000d5580000,0x00000000d5580000,0x00000000d6a80000)
  from space 1536K, 88% used [0x00000000d6a80000,0x00000000d6bd2a68,0x00000000d6c00000)
  to   space 1536K, 0% used [0x00000000d6c00000,0x00000000d6c00000,0x00000000d6d80000)
 ParOldGen       total 68608K, used 56712K [0x0000000080000000, 0x0000000084300000, 0x00000000d5580000)
  object space 68608K, 82% used [0x0000000080000000,0x0000000083762320,0x0000000084300000)
 Metaspace       used 61378K, committed 62784K, reserved 1114112K
  class space    used 7630K, committed 8256K, reserved 1048576K
}
Event: 40.298 GC heap before
{Heap before GC invocations=51 (full 3):
 PSYoungGen      total 23040K, used 22858K [0x00000000d5580000, 0x00000000d6d80000, 0x0000000100000000)
  eden space 21504K, 100% used [0x00000000d5580000,0x00000000d6a80000,0x00000000d6a80000)
  from space 1536K, 88% used [0x00000000d6a80000,0x00000000d6bd2a68,0x00000000d6c00000)
  to   space 1536K, 0% used [0x00000000d6c00000,0x00000000d6c00000,0x00000000d6d80000)
 ParOldGen       total 68608K, used 56712K [0x0000000080000000, 0x0000000084300000, 0x00000000d5580000)
  object space 68608K, 82% used [0x0000000080000000,0x0000000083762320,0x0000000084300000)
 Metaspace       used 62426K, committed 63808K, reserved 1114112K
  class space    used 7781K, committed 8384K, reserved 1048576K
}
Event: 40.299 GC heap after
{Heap after GC invocations=51 (full 3):
 PSYoungGen      total 22016K, used 448K [0x00000000d5580000, 0x00000000d6c80000, 0x0000000100000000)
  eden space 21504K, 0% used [0x00000000d5580000,0x00000000d5580000,0x00000000d6a80000)
  from space 512K, 87% used [0x00000000d6c00000,0x00000000d6c70000,0x00000000d6c80000)
  to   space 1024K, 0% used [0x00000000d6a80000,0x00000000d6a80000,0x00000000d6b80000)
 ParOldGen       total 68608K, used 56792K [0x0000000080000000, 0x0000000084300000, 0x00000000d5580000)
  object space 68608K, 82% used [0x0000000080000000,0x0000000083776320,0x0000000084300000)
 Metaspace       used 62426K, committed 63808K, reserved 1114112K
  class space    used 7781K, committed 8384K, reserved 1048576K
}

