# JRE version: OpenJDK Runtime Environment (21.0.7) (build 21.0.7+-13880790-b1038.58)
# Java VM: OpenJDK 64-Bit Server VM (21.0.7+-13880790-b1038.58, mixed mode, tiered, compressed oops, compressed class ptrs, g1 gc, windows-amd64)
GC Precious Log:
 CardTable entry size: 512
 Card Set container configuration: InlinePtr #cards 5 size 8 Array Of Cards #cards 12 size 40 Howl #buckets 4 coarsen threshold 1843 Howl Bitmap #cards 512 size 80 coarsen threshold 460 Card regions per heap region 1 cards per card region 2048
 CPUs: 12 total, 12 available
 Memory: 7484M
 Large Page Support: Disabled
 NUMA Support: Disabled
 Compressed Oops: Enabled (32-bit)
 Heap Region Size: 1M
 Heap Min Capacity: 8M
 Heap Initial Capacity: 118M
 Heap Max Capacity: 1872M
 Pre-touch: Disabled
 Parallel Workers: 10
 Concurrent Workers: 3
 Concurrent Refinement Workers: 10
 Periodic GC: Disabled
Heap:
 garbage-first heap   total 319488K, used 229887K [0x000000008b000000, 0x0000000100000000)
  region size 1024K, 48 young (49152K), 9 survivors (9216K)
 Metaspace       used 79700K, committed 80064K, reserved 1179648K
  class space    used 8432K, committed 8576K, reserved 1048576K
GC Heap History (20 events):
Event: 8.425 GC heap before
{Heap before GC invocations=28 (full 0):
 garbage-first heap   total 214016K, used 168839K [0x000000008b000000, 0x0000000100000000)
  region size 1024K, 73 young (74752K), 10 survivors (10240K)
 Metaspace       used 60746K, committed 61056K, reserved 1114112K
  class space    used 6968K, committed 7104K, reserved 1048576K
}
Event: 8.439 GC heap after
{Heap after GC invocations=29 (full 0):
 garbage-first heap   total 214016K, used 117597K [0x000000008b000000, 0x0000000100000000)
  region size 1024K, 10 young (10240K), 10 survivors (10240K)
 Metaspace       used 60746K, committed 61056K, reserved 1114112K
  class space    used 6968K, committed 7104K, reserved 1048576K
}
Event: 8.568 GC heap before
{Heap before GC invocations=30 (full 0):
 garbage-first heap   total 214016K, used 176989K [0x000000008b000000, 0x0000000100000000)
  region size 1024K, 68 young (69632K), 10 survivors (10240K)
 Metaspace       used 60746K, committed 61056K, reserved 1114112K
  class space    used 6968K, committed 7104K, reserved 1048576K
}
Event: 8.576 GC heap after
{Heap after GC invocations=31 (full 0):
 garbage-first heap   total 214016K, used 130393K [0x000000008b000000, 0x0000000100000000)
  region size 1024K, 9 young (9216K), 9 survivors (9216K)
 Metaspace       used 60746K, committed 61056K, reserved 1114112K
  class space    used 6968K, committed 7104K, reserved 1048576K
}
Event: 9.082 GC heap before
{Heap before GC invocations=31 (full 0):
 garbage-first heap   total 214016K, used 183641K [0x000000008b000000, 0x0000000100000000)
  region size 1024K, 61 young (62464K), 9 survivors (9216K)
 Metaspace       used 61091K, committed 61376K, reserved 1114112K
  class space    used 6971K, committed 7104K, reserved 1048576K
}
Event: 9.091 GC heap after
{Heap after GC invocations=32 (full 0):
 garbage-first heap   total 214016K, used 140156K [0x000000008b000000, 0x0000000100000000)
  region size 1024K, 8 young (8192K), 8 survivors (8192K)
 Metaspace       used 61091K, committed 61376K, reserved 1114112K
  class space    used 6971K, committed 7104K, reserved 1048576K
}
Event: 10.096 GC heap before
{Heap before GC invocations=32 (full 0):
 garbage-first heap   total 214016K, used 189308K [0x000000008b000000, 0x0000000100000000)
  region size 1024K, 56 young (57344K), 8 survivors (8192K)
 Metaspace       used 61667K, committed 62016K, reserved 1114112K
  class space    used 6986K, committed 7168K, reserved 1048576K
}
Event: 10.106 GC heap after
{Heap after GC invocations=33 (full 0):
 garbage-first heap   total 214016K, used 148264K [0x000000008b000000, 0x0000000100000000)
  region size 1024K, 7 young (7168K), 7 survivors (7168K)
 Metaspace       used 61667K, committed 62016K, reserved 1114112K
  class space    used 6986K, committed 7168K, reserved 1048576K
}
Event: 11.091 GC heap before
{Heap before GC invocations=34 (full 0):
 garbage-first heap   total 245760K, used 191272K [0x000000008b000000, 0x0000000100000000)
  region size 1024K, 50 young (51200K), 7 survivors (7168K)
 Metaspace       used 62191K, committed 62464K, reserved 1114112K
  class space    used 7019K, committed 7168K, reserved 1048576K
}
Event: 11.100 GC heap after
{Heap after GC invocations=35 (full 0):
 garbage-first heap   total 245760K, used 154411K [0x000000008b000000, 0x0000000100000000)
  region size 1024K, 7 young (7168K), 7 survivors (7168K)
 Metaspace       used 62191K, committed 62464K, reserved 1114112K
  class space    used 7019K, committed 7168K, reserved 1048576K
}
Event: 12.489 GC heap before
{Heap before GC invocations=35 (full 0):
 garbage-first heap   total 245760K, used 216875K [0x000000008b000000, 0x0000000100000000)
  region size 1024K, 68 young (69632K), 7 survivors (7168K)
 Metaspace       used 62724K, committed 63040K, reserved 1114112K
  class space    used 7031K, committed 7168K, reserved 1048576K
}
Event: 12.498 GC heap after
{Heap after GC invocations=36 (full 0):
 garbage-first heap   total 245760K, used 157812K [0x000000008b000000, 0x0000000100000000)
  region size 1024K, 7 young (7168K), 7 survivors (7168K)
 Metaspace       used 62724K, committed 63040K, reserved 1114112K
  class space    used 7031K, committed 7168K, reserved 1048576K
}
Event: 13.645 GC heap before
{Heap before GC invocations=36 (full 0):
 garbage-first heap   total 245760K, used 219252K [0x000000008b000000, 0x0000000100000000)
  region size 1024K, 67 young (68608K), 7 survivors (7168K)
 Metaspace       used 63554K, committed 63872K, reserved 1114112K
  class space    used 7092K, committed 7232K, reserved 1048576K
}
Event: 13.651 GC heap after
{Heap after GC invocations=37 (full 0):
 garbage-first heap   total 245760K, used 162178K [0x000000008b000000, 0x0000000100000000)
  region size 1024K, 4 young (4096K), 4 survivors (4096K)
 Metaspace       used 63554K, committed 63872K, reserved 1114112K
  class space    used 7092K, committed 7232K, reserved 1048576K
}
Event: 15.310 GC heap before
{Heap before GC invocations=38 (full 0):
 garbage-first heap   total 271360K, used 223618K [0x000000008b000000, 0x0000000100000000)
  region size 1024K, 64 young (65536K), 4 survivors (4096K)
 Metaspace       used 66863K, committed 67200K, reserved 1114112K
  class space    used 7349K, committed 7488K, reserved 1048576K
}
Event: 15.319 GC heap after
{Heap after GC invocations=39 (full 0):
 garbage-first heap   total 271360K, used 168604K [0x000000008b000000, 0x0000000100000000)
  region size 1024K, 8 young (8192K), 8 survivors (8192K)
 Metaspace       used 66863K, committed 67200K, reserved 1114112K
  class space    used 7349K, committed 7488K, reserved 1048576K
}
Event: 16.812 GC heap before
{Heap before GC invocations=39 (full 0):
 garbage-first heap   total 271360K, used 246428K [0x000000008b000000, 0x0000000100000000)
  region size 1024K, 84 young (86016K), 8 survivors (8192K)
 Metaspace       used 73886K, committed 74176K, reserved 1179648K
  class space    used 7987K, committed 8128K, reserved 1048576K
}
Event: 16.831 GC heap after
{Heap after GC invocations=40 (full 0):
 garbage-first heap   total 271360K, used 180277K [0x000000008b000000, 0x0000000100000000)
  region size 1024K, 11 young (11264K), 11 survivors (11264K)
 Metaspace       used 73886K, committed 74176K, reserved 1179648K
  class space    used 7987K, committed 8128K, reserved 1048576K
}
Event: 18.070 GC heap before
{Heap before GC invocations=40 (full 0):
 garbage-first heap   total 271360K, used 244789K [0x000000008b000000, 0x0000000100000000)
  region size 1024K, 74 young (75776K), 11 survivors (11264K)
 Metaspace       used 79171K, committed 79552K, reserved 1179648K
  class space    used 8402K, committed 8576K, reserved 1048576K
}
Event: 18.084 GC heap after
{Heap after GC invocations=41 (full 0):
 garbage-first heap   total 271360K, used 190975K [0x000000008b000000, 0x0000000100000000)
  region size 1024K, 9 young (9216K), 9 survivors (9216K)
 Metaspace       used 79171K, committed 79552K, reserved 1179648K
  class space    used 8402K, committed 8576K, reserved 1048576K
}

