# JRE version: OpenJDK Runtime Environment (21.0.7) (build 21.0.7+-13880790-b1038.58)
# Java VM: OpenJDK 64-Bit Server VM (21.0.7+-13880790-b1038.58, mixed mode, tiered, compressed oops, compressed class ptrs, g1 gc, windows-amd64)
GC Precious Log:
 CardTable entry size: 512
 Card Set container configuration: InlinePtr #cards 5 size 8 Array Of Cards #cards 12 size 40 Howl #buckets 4 coarsen threshold 1843 Howl Bitmap #cards 512 size 80 coarsen threshold 460 Card regions per heap region 1 cards per card region 2048
 CPUs: 12 total, 12 available
 Memory: 7484M
 Large Page Support: Disabled
 NUMA Support: Disabled
 Compressed Oops: Enabled (32-bit)
 Heap Region Size: 1M
 Heap Min Capacity: 8M
 Heap Initial Capacity: 118M
 Heap Max Capacity: 2G
 Pre-touch: Disabled
 Parallel Workers: 10
 Concurrent Workers: 3
 Concurrent Refinement Workers: 10
 Periodic GC: Disabled
Heap:
 garbage-first heap   total 167936K, used 122358K [0x0000000080000000, 0x0000000100000000)
  region size 1024K, 23 young (23552K), 2 survivors (2048K)
 Metaspace       used 73712K, committed 75584K, reserved 1114112K
  class space    used 10263K, committed 11200K, reserved 1048576K
GC Heap History (20 events):
Event: 19.869 GC heap before
{Heap before GC invocations=13 (full 0):
 garbage-first heap   total 104448K, used 70125K [0x0000000080000000, 0x0000000100000000)
  region size 1024K, 10 young (10240K), 1 survivors (1024K)
 Metaspace       used 40362K, committed 41280K, reserved 1114112K
  class space    used 5614K, committed 6080K, reserved 1048576K
}
Event: 19.872 GC heap after
{Heap after GC invocations=14 (full 0):
 garbage-first heap   total 130048K, used 61677K [0x0000000080000000, 0x0000000100000000)
  region size 1024K, 2 young (2048K), 2 survivors (2048K)
 Metaspace       used 40362K, committed 41280K, reserved 1114112K
  class space    used 5614K, committed 6080K, reserved 1048576K
}
Event: 20.878 GC heap before
{Heap before GC invocations=14 (full 0):
 garbage-first heap   total 130048K, used 112877K [0x0000000080000000, 0x0000000100000000)
  region size 1024K, 53 young (54272K), 2 survivors (2048K)
 Metaspace       used 46937K, committed 47936K, reserved 1114112K
  class space    used 6343K, committed 6848K, reserved 1048576K
}
Event: 20.884 GC heap after
{Heap after GC invocations=15 (full 0):
 garbage-first heap   total 130048K, used 66772K [0x0000000080000000, 0x0000000100000000)
  region size 1024K, 7 young (7168K), 7 survivors (7168K)
 Metaspace       used 46937K, committed 47936K, reserved 1114112K
  class space    used 6343K, committed 6848K, reserved 1048576K
}
Event: 20.966 GC heap before
{Heap before GC invocations=15 (full 0):
 garbage-first heap   total 130048K, used 72916K [0x0000000080000000, 0x0000000100000000)
  region size 1024K, 12 young (12288K), 7 survivors (7168K)
 Metaspace       used 47268K, committed 48320K, reserved 1114112K
  class space    used 6377K, committed 6912K, reserved 1048576K
}
Event: 20.971 GC heap after
{Heap after GC invocations=16 (full 0):
 garbage-first heap   total 130048K, used 69258K [0x0000000080000000, 0x0000000100000000)
  region size 1024K, 1 young (1024K), 1 survivors (1024K)
 Metaspace       used 47268K, committed 48320K, reserved 1114112K
  class space    used 6377K, committed 6912K, reserved 1048576K
}
Event: 22.044 GC heap before
{Heap before GC invocations=17 (full 0):
 garbage-first heap   total 130048K, used 117386K [0x0000000080000000, 0x0000000100000000)
  region size 1024K, 46 young (47104K), 1 survivors (1024K)
 Metaspace       used 53317K, committed 54720K, reserved 1114112K
  class space    used 7252K, committed 7936K, reserved 1048576K
}
Event: 22.048 GC heap after
{Heap after GC invocations=18 (full 0):
 garbage-first heap   total 130048K, used 69925K [0x0000000080000000, 0x0000000100000000)
  region size 1024K, 4 young (4096K), 4 survivors (4096K)
 Metaspace       used 53317K, committed 54720K, reserved 1114112K
  class space    used 7252K, committed 7936K, reserved 1048576K
}
Event: 23.168 GC heap before
{Heap before GC invocations=18 (full 0):
 garbage-first heap   total 130048K, used 118053K [0x0000000080000000, 0x0000000100000000)
  region size 1024K, 49 young (50176K), 4 survivors (4096K)
 Metaspace       used 57630K, committed 59200K, reserved 1114112K
  class space    used 7964K, committed 8768K, reserved 1048576K
}
Event: 23.174 GC heap after
{Heap after GC invocations=19 (full 0):
 garbage-first heap   total 130048K, used 76904K [0x0000000080000000, 0x0000000100000000)
  region size 1024K, 7 young (7168K), 7 survivors (7168K)
 Metaspace       used 57630K, committed 59200K, reserved 1114112K
  class space    used 7964K, committed 8768K, reserved 1048576K
}
Event: 23.363 GC heap before
{Heap before GC invocations=19 (full 0):
 garbage-first heap   total 130048K, used 85096K [0x0000000080000000, 0x0000000100000000)
  region size 1024K, 17 young (17408K), 7 survivors (7168K)
 Metaspace       used 57763K, committed 59392K, reserved 1114112K
  class space    used 7965K, committed 8768K, reserved 1048576K
}
Event: 23.369 GC heap after
{Heap after GC invocations=20 (full 0):
 garbage-first heap   total 130048K, used 79931K [0x0000000080000000, 0x0000000100000000)
  region size 1024K, 4 young (4096K), 4 survivors (4096K)
 Metaspace       used 57763K, committed 59392K, reserved 1114112K
  class space    used 7965K, committed 8768K, reserved 1048576K
}
Event: 24.089 GC heap before
{Heap before GC invocations=21 (full 0):
 garbage-first heap   total 147456K, used 131131K [0x0000000080000000, 0x0000000100000000)
  region size 1024K, 39 young (39936K), 4 survivors (4096K)
 Metaspace       used 60297K, committed 61952K, reserved 1114112K
  class space    used 8214K, committed 9024K, reserved 1048576K
}
Event: 24.092 GC heap after
{Heap after GC invocations=22 (full 0):
 garbage-first heap   total 147456K, used 96187K [0x0000000080000000, 0x0000000100000000)
  region size 1024K, 3 young (3072K), 3 survivors (3072K)
 Metaspace       used 60297K, committed 61952K, reserved 1114112K
  class space    used 8214K, committed 9024K, reserved 1048576K
}
Event: 24.807 GC heap before
{Heap before GC invocations=22 (full 0):
 garbage-first heap   total 147456K, used 134075K [0x0000000080000000, 0x0000000100000000)
  region size 1024K, 40 young (40960K), 3 survivors (3072K)
 Metaspace       used 63927K, committed 65600K, reserved 1114112K
  class space    used 8741K, committed 9600K, reserved 1048576K
}
Event: 24.810 GC heap after
{Heap after GC invocations=23 (full 0):
 garbage-first heap   total 147456K, used 96961K [0x0000000080000000, 0x0000000100000000)
  region size 1024K, 4 young (4096K), 4 survivors (4096K)
 Metaspace       used 63927K, committed 65600K, reserved 1114112K
  class space    used 8741K, committed 9600K, reserved 1048576K
}
Event: 25.885 GC heap before
{Heap before GC invocations=23 (full 0):
 garbage-first heap   total 147456K, used 134849K [0x0000000080000000, 0x0000000100000000)
  region size 1024K, 41 young (41984K), 4 survivors (4096K)
 Metaspace       used 68693K, committed 70400K, reserved 1114112K
  class space    used 9477K, committed 10304K, reserved 1048576K
}
Event: 25.892 GC heap after
{Heap after GC invocations=24 (full 0):
 garbage-first heap   total 147456K, used 100069K [0x0000000080000000, 0x0000000100000000)
  region size 1024K, 5 young (5120K), 5 survivors (5120K)
 Metaspace       used 68693K, committed 70400K, reserved 1114112K
  class space    used 9477K, committed 10304K, reserved 1048576K
}
Event: 26.694 GC heap before
{Heap before GC invocations=25 (full 0):
 garbage-first heap   total 167936K, used 132837K [0x0000000080000000, 0x0000000100000000)
  region size 1024K, 37 young (37888K), 5 survivors (5120K)
 Metaspace       used 72075K, committed 73856K, reserved 1114112K
  class space    used 10043K, committed 10944K, reserved 1048576K
}
Event: 26.698 GC heap after
{Heap after GC invocations=26 (full 0):
 garbage-first heap   total 167936K, used 101878K [0x0000000080000000, 0x0000000100000000)
  region size 1024K, 2 young (2048K), 2 survivors (2048K)
 Metaspace       used 72075K, committed 73856K, reserved 1114112K
  class space    used 10043K, committed 10944K, reserved 1048576K
}

