# JRE version: OpenJDK Runtime Environment (21.0.7) (build 21.0.7+-13880790-b1038.58)
# Java VM: OpenJDK 64-Bit Server VM (21.0.7+-13880790-b1038.58, mixed mode, tiered, compressed oops, compressed class ptrs, g1 gc, windows-amd64)
GC Precious Log:
 CardTable entry size: 512
 Card Set container configuration: InlinePtr #cards 5 size 8 Array Of Cards #cards 12 size 40 Howl #buckets 4 coarsen threshold 1843 Howl Bitmap #cards 512 size 80 coarsen threshold 460 Card regions per heap region 1 cards per card region 2048
 CPUs: 12 total, 12 available
 Memory: 7484M
 Large Page Support: Disabled
 NUMA Support: Disabled
 Compressed Oops: Enabled (32-bit)
 Heap Region Size: 1M
 Heap Min Capacity: 8M
 Heap Initial Capacity: 118M
 Heap Max Capacity: 1872M
 Pre-touch: Disabled
 Parallel Workers: 10
 Concurrent Workers: 3
 Concurrent Refinement Workers: 10
 Periodic GC: Disabled
Heap:
 garbage-first heap   total 188416K, used 138129K [0x000000008b000000, 0x0000000100000000)
  region size 1024K, 6 young (6144K), 6 survivors (6144K)
 Metaspace       used 61187K, committed 61504K, reserved 1114112K
  class space    used 6975K, committed 7104K, reserved 1048576K
GC Heap History (20 events):
Event: 7.675 GC heap after
{Heap after GC invocations=20 (full 0):
 garbage-first heap   total 86016K, used 54215K [0x000000008b000000, 0x0000000100000000)
  region size 1024K, 3 young (3072K), 3 survivors (3072K)
 Metaspace       used 50642K, committed 50880K, reserved 1114112K
  class space    used 5787K, committed 5888K, reserved 1048576K
}
Event: 7.789 GC heap before
{Heap before GC invocations=20 (full 0):
 garbage-first heap   total 86016K, used 71623K [0x000000008b000000, 0x0000000100000000)
  region size 1024K, 20 young (20480K), 3 survivors (3072K)
 Metaspace       used 50682K, committed 50880K, reserved 1114112K
  class space    used 5787K, committed 5888K, reserved 1048576K
}
Event: 7.797 GC heap after
{Heap after GC invocations=21 (full 0):
 garbage-first heap   total 86016K, used 58823K [0x000000008b000000, 0x0000000100000000)
  region size 1024K, 3 young (3072K), 3 survivors (3072K)
 Metaspace       used 50682K, committed 50880K, reserved 1114112K
  class space    used 5787K, committed 5888K, reserved 1048576K
}
Event: 7.906 GC heap before
{Heap before GC invocations=22 (full 0):
 garbage-first heap   total 99328K, used 74183K [0x000000008b000000, 0x0000000100000000)
  region size 1024K, 18 young (18432K), 3 survivors (3072K)
 Metaspace       used 50704K, committed 50944K, reserved 1114112K
  class space    used 5787K, committed 5888K, reserved 1048576K
}
Event: 7.912 GC heap after
{Heap after GC invocations=23 (full 0):
 garbage-first heap   total 99328K, used 62407K [0x000000008b000000, 0x0000000100000000)
  region size 1024K, 3 young (3072K), 3 survivors (3072K)
 Metaspace       used 50704K, committed 50944K, reserved 1114112K
  class space    used 5787K, committed 5888K, reserved 1048576K
}
Event: 7.996 GC heap before
{Heap before GC invocations=23 (full 0):
 garbage-first heap   total 99328K, used 83911K [0x000000008b000000, 0x0000000100000000)
  region size 1024K, 24 young (24576K), 3 survivors (3072K)
 Metaspace       used 50705K, committed 50944K, reserved 1114112K
  class space    used 5788K, committed 5888K, reserved 1048576K
}
Event: 8.004 GC heap after
{Heap after GC invocations=24 (full 0):
 garbage-first heap   total 181248K, used 66503K [0x000000008b000000, 0x0000000100000000)
  region size 1024K, 3 young (3072K), 3 survivors (3072K)
 Metaspace       used 50705K, committed 50944K, reserved 1114112K
  class space    used 5788K, committed 5888K, reserved 1048576K
}
Event: 8.362 GC heap before
{Heap before GC invocations=24 (full 0):
 garbage-first heap   total 181248K, used 134087K [0x000000008b000000, 0x0000000100000000)
  region size 1024K, 69 young (70656K), 3 survivors (3072K)
 Metaspace       used 50706K, committed 50944K, reserved 1114112K
  class space    used 5789K, committed 5888K, reserved 1048576K
}
Event: 8.371 GC heap after
{Heap after GC invocations=25 (full 0):
 garbage-first heap   total 181248K, used 80575K [0x000000008b000000, 0x0000000100000000)
  region size 1024K, 9 young (9216K), 9 survivors (9216K)
 Metaspace       used 50706K, committed 50944K, reserved 1114112K
  class space    used 5789K, committed 5888K, reserved 1048576K
}
Event: 11.214 GC heap before
{Heap before GC invocations=25 (full 0):
 garbage-first heap   total 181248K, used 136895K [0x000000008b000000, 0x0000000100000000)
  region size 1024K, 64 young (65536K), 9 survivors (9216K)
 Metaspace       used 53921K, committed 54144K, reserved 1114112K
  class space    used 6174K, committed 6272K, reserved 1048576K
}
Event: 11.228 GC heap after
{Heap after GC invocations=26 (full 0):
 garbage-first heap   total 181248K, used 92773K [0x000000008b000000, 0x0000000100000000)
  region size 1024K, 8 young (8192K), 8 survivors (8192K)
 Metaspace       used 53921K, committed 54144K, reserved 1114112K
  class space    used 6174K, committed 6272K, reserved 1048576K
}
Event: 12.431 GC heap before
{Heap before GC invocations=26 (full 0):
 garbage-first heap   total 181248K, used 143973K [0x000000008b000000, 0x0000000100000000)
  region size 1024K, 58 young (59392K), 8 survivors (8192K)
 Metaspace       used 56882K, committed 57152K, reserved 1114112K
  class space    used 6473K, committed 6592K, reserved 1048576K
}
Event: 12.443 GC heap after
{Heap after GC invocations=27 (full 0):
 garbage-first heap   total 181248K, used 103367K [0x000000008b000000, 0x0000000100000000)
  region size 1024K, 8 young (8192K), 8 survivors (8192K)
 Metaspace       used 56882K, committed 57152K, reserved 1114112K
  class space    used 6473K, committed 6592K, reserved 1048576K
}
Event: 13.286 GC heap before
{Heap before GC invocations=27 (full 0):
 garbage-first heap   total 181248K, used 151495K [0x000000008b000000, 0x0000000100000000)
  region size 1024K, 55 young (56320K), 8 survivors (8192K)
 Metaspace       used 60879K, committed 61184K, reserved 1114112K
  class space    used 6974K, committed 7104K, reserved 1048576K
}
Event: 13.300 GC heap after
{Heap after GC invocations=28 (full 0):
 garbage-first heap   total 181248K, used 112559K [0x000000008b000000, 0x0000000100000000)
  region size 1024K, 7 young (7168K), 7 survivors (7168K)
 Metaspace       used 60879K, committed 61184K, reserved 1114112K
  class space    used 6974K, committed 7104K, reserved 1048576K
}
Event: 13.427 GC heap before
{Heap before GC invocations=29 (full 0):
 garbage-first heap   total 188416K, used 157615K [0x000000008b000000, 0x0000000100000000)
  region size 1024K, 51 young (52224K), 7 survivors (7168K)
 Metaspace       used 60879K, committed 61184K, reserved 1114112K
  class space    used 6974K, committed 7104K, reserved 1048576K
}
Event: 13.434 GC heap after
{Heap after GC invocations=30 (full 0):
 garbage-first heap   total 188416K, used 122311K [0x000000008b000000, 0x0000000100000000)
  region size 1024K, 7 young (7168K), 7 survivors (7168K)
 Metaspace       used 60879K, committed 61184K, reserved 1114112K
  class space    used 6974K, committed 7104K, reserved 1048576K
}
Event: 13.541 GC heap before
{Heap before GC invocations=30 (full 0):
 garbage-first heap   total 188416K, used 165319K [0x000000008b000000, 0x0000000100000000)
  region size 1024K, 49 young (50176K), 7 survivors (7168K)
 Metaspace       used 60879K, committed 61184K, reserved 1114112K
  class space    used 6974K, committed 7104K, reserved 1048576K
}
Event: 13.548 GC heap after
{Heap after GC invocations=31 (full 0):
 garbage-first heap   total 188416K, used 129869K [0x000000008b000000, 0x0000000100000000)
  region size 1024K, 7 young (7168K), 7 survivors (7168K)
 Metaspace       used 60879K, committed 61184K, reserved 1114112K
  class space    used 6974K, committed 7104K, reserved 1048576K
}
Event: 14.104 GC heap before
{Heap before GC invocations=31 (full 0):
 garbage-first heap   total 188416K, used 168781K [0x000000008b000000, 0x0000000100000000)
  region size 1024K, 45 young (46080K), 7 survivors (7168K)
 Metaspace       used 61187K, committed 61504K, reserved 1114112K
  class space    used 6975K, committed 7104K, reserved 1048576K
}

