# JRE version: OpenJDK Runtime Environment Temurin-21.0.9+10 (21.0.9+10) (build 21.0.9+10-LTS)
# Java VM: OpenJDK 64-Bit Server VM Temurin-21.0.9+10 (21.0.9+10-LTS, mixed mode, sharing, tiered, compressed oops, compressed class ptrs, g1 gc, windows-amd64)
GC Precious Log:
 CardTable entry size: 512
 Card Set container configuration: InlinePtr #cards 5 size 8 Array Of Cards #cards 12 size 40 Howl #buckets 4 coarsen threshold 1843 Howl Bitmap #cards 512 size 80 coarsen threshold 460 Card regions per heap region 1 cards per card region 2048
 CPUs: 12 total, 12 available
 Memory: 7484M
 Large Page Support: Disabled
 NUMA Support: Disabled
 Compressed Oops: Enabled (32-bit)
 Heap Region Size: 1M
 Heap Min Capacity: 8M
 Heap Initial Capacity: 118M
 Heap Max Capacity: 2G
 Pre-touch: Disabled
 Parallel Workers: 10
 Concurrent Workers: 3
 Concurrent Refinement Workers: 10
 Periodic GC: Disabled
Heap:
 garbage-first heap   total 137216K, used 110111K [0x0000000080000000, 0x0000000100000000)
  region size 1024K, 31 young (31744K), 5 survivors (5120K)
 Metaspace       used 107501K, committed 109824K, reserved 1179648K
  class space    used 14678K, committed 15808K, reserved 1048576K
GC Heap History (20 events):
Event: 27.661 GC heap before
{Heap before GC invocations=23 (full 0):
 garbage-first heap   total 104448K, used 91826K [0x0000000080000000, 0x0000000100000000)
  region size 1024K, 30 young (30720K), 5 survivors (5120K)
 Metaspace       used 76162K, committed 78080K, reserved 1179648K
  class space    used 11077K, committed 12032K, reserved 1048576K
}
Event: 27.668 GC heap after
{Heap after GC invocations=24 (full 0):
 garbage-first heap   total 104448K, used 61440K [0x0000000080000000, 0x0000000100000000)
  region size 1024K, 2 young (2048K), 2 survivors (2048K)
 Metaspace       used 76162K, committed 78080K, reserved 1179648K
  class space    used 11077K, committed 12032K, reserved 1048576K
}
Event: 28.149 GC heap before
{Heap before GC invocations=24 (full 0):
 garbage-first heap   total 104448K, used 71680K [0x0000000080000000, 0x0000000100000000)
  region size 1024K, 13 young (13312K), 2 survivors (2048K)
 Metaspace       used 77280K, committed 79232K, reserved 1179648K
  class space    used 11199K, committed 12160K, reserved 1048576K
}
Event: 28.155 GC heap after
{Heap after GC invocations=25 (full 0):
 garbage-first heap   total 104448K, used 62328K [0x0000000080000000, 0x0000000100000000)
  region size 1024K, 3 young (3072K), 3 survivors (3072K)
 Metaspace       used 77280K, committed 79232K, reserved 1179648K
  class space    used 11199K, committed 12160K, reserved 1048576K
}
Event: 29.537 GC heap before
{Heap before GC invocations=26 (full 0):
 garbage-first heap   total 112640K, used 99192K [0x0000000080000000, 0x0000000100000000)
  region size 1024K, 33 young (33792K), 3 survivors (3072K)
 Metaspace       used 80330K, committed 82304K, reserved 1179648K
  class space    used 11507K, committed 12480K, reserved 1048576K
}
Event: 29.541 GC heap after
{Heap after GC invocations=27 (full 0):
 garbage-first heap   total 112640K, used 71048K [0x0000000080000000, 0x0000000100000000)
  region size 1024K, 4 young (4096K), 4 survivors (4096K)
 Metaspace       used 80330K, committed 82304K, reserved 1179648K
  class space    used 11507K, committed 12480K, reserved 1048576K
}
Event: 30.335 GC heap before
{Heap before GC invocations=27 (full 0):
 garbage-first heap   total 112640K, used 101768K [0x0000000080000000, 0x0000000100000000)
  region size 1024K, 34 young (34816K), 4 survivors (4096K)
 Metaspace       used 84116K, committed 86208K, reserved 1179648K
  class space    used 11875K, committed 12928K, reserved 1048576K
}
Event: 30.342 GC heap after
{Heap after GC invocations=28 (full 0):
 garbage-first heap   total 112640K, used 72698K [0x0000000080000000, 0x0000000100000000)
  region size 1024K, 5 young (5120K), 5 survivors (5120K)
 Metaspace       used 84116K, committed 86208K, reserved 1179648K
  class space    used 11875K, committed 12928K, reserved 1048576K
}
Event: 31.866 GC heap before
{Heap before GC invocations=28 (full 0):
 garbage-first heap   total 112640K, used 102394K [0x0000000080000000, 0x0000000100000000)
  region size 1024K, 34 young (34816K), 5 survivors (5120K)
 Metaspace       used 87848K, committed 90112K, reserved 1179648K
  class space    used 12387K, committed 13504K, reserved 1048576K
}
Event: 31.871 GC heap after
{Heap after GC invocations=29 (full 0):
 garbage-first heap   total 112640K, used 73457K [0x0000000080000000, 0x0000000100000000)
  region size 1024K, 4 young (4096K), 4 survivors (4096K)
 Metaspace       used 87848K, committed 90112K, reserved 1179648K
  class space    used 12387K, committed 13504K, reserved 1048576K
}
Event: 33.138 GC heap before
{Heap before GC invocations=30 (full 0):
 garbage-first heap   total 124928K, used 103153K [0x0000000080000000, 0x0000000100000000)
  region size 1024K, 33 young (33792K), 4 survivors (4096K)
 Metaspace       used 91382K, committed 93696K, reserved 1179648K
  class space    used 12805K, committed 13952K, reserved 1048576K
}
Event: 33.146 GC heap after
{Heap after GC invocations=31 (full 0):
 garbage-first heap   total 124928K, used 75123K [0x0000000080000000, 0x0000000100000000)
  region size 1024K, 4 young (4096K), 4 survivors (4096K)
 Metaspace       used 91382K, committed 93696K, reserved 1179648K
  class space    used 12805K, committed 13952K, reserved 1048576K
}
Event: 34.502 GC heap before
{Heap before GC invocations=31 (full 0):
 garbage-first heap   total 124928K, used 114035K [0x0000000080000000, 0x0000000100000000)
  region size 1024K, 41 young (41984K), 4 survivors (4096K)
 Metaspace       used 94793K, committed 97152K, reserved 1179648K
  class space    used 13253K, committed 14400K, reserved 1048576K
}
Event: 34.510 GC heap after
{Heap after GC invocations=32 (full 0):
 garbage-first heap   total 124928K, used 79510K [0x0000000080000000, 0x0000000100000000)
  region size 1024K, 6 young (6144K), 6 survivors (6144K)
 Metaspace       used 94793K, committed 97152K, reserved 1179648K
  class space    used 13253K, committed 14400K, reserved 1048576K
}
Event: 35.241 GC heap before
{Heap before GC invocations=32 (full 0):
 garbage-first heap   total 124928K, used 113302K [0x0000000080000000, 0x0000000100000000)
  region size 1024K, 39 young (39936K), 6 survivors (6144K)
 Metaspace       used 95330K, committed 97664K, reserved 1179648K
  class space    used 13299K, committed 14464K, reserved 1048576K
}
Event: 35.246 GC heap after
{Heap after GC invocations=33 (full 0):
 garbage-first heap   total 124928K, used 81177K [0x0000000080000000, 0x0000000100000000)
  region size 1024K, 3 young (3072K), 3 survivors (3072K)
 Metaspace       used 95330K, committed 97664K, reserved 1179648K
  class space    used 13299K, committed 14464K, reserved 1048576K
}
Event: 36.832 GC heap before
{Heap before GC invocations=34 (full 0):
 garbage-first heap   total 137216K, used 113945K [0x0000000080000000, 0x0000000100000000)
  region size 1024K, 35 young (35840K), 3 survivors (3072K)
 Metaspace       used 99164K, committed 101504K, reserved 1179648K
  class space    used 13762K, committed 14912K, reserved 1048576K
}
Event: 36.836 GC heap after
{Heap after GC invocations=35 (full 0):
 garbage-first heap   total 137216K, used 82739K [0x0000000080000000, 0x0000000100000000)
  region size 1024K, 5 young (5120K), 5 survivors (5120K)
 Metaspace       used 99164K, committed 101504K, reserved 1179648K
  class space    used 13762K, committed 14912K, reserved 1048576K
}
Event: 38.308 GC heap before
{Heap before GC invocations=35 (full 0):
 garbage-first heap   total 137216K, used 124723K [0x0000000080000000, 0x0000000100000000)
  region size 1024K, 46 young (47104K), 5 survivors (5120K)
 Metaspace       used 103862K, committed 106176K, reserved 1179648K
  class space    used 14273K, committed 15424K, reserved 1048576K
}
Event: 38.314 GC heap after
{Heap after GC invocations=36 (full 0):
 garbage-first heap   total 137216K, used 84511K [0x0000000080000000, 0x0000000100000000)
  region size 1024K, 5 young (5120K), 5 survivors (5120K)
 Metaspace       used 103862K, committed 106176K, reserved 1179648K
  class space    used 14273K, committed 15424K, reserved 1048576K
}

