# JRE version: OpenJDK Runtime Environment Temurin-21.0.9+10 (21.0.9+10) (build 21.0.9+10-LTS)
# Java VM: OpenJDK 64-Bit Server VM Temurin-21.0.9+10 (21.0.9+10-LTS, mixed mode, sharing, tiered, compressed oops, compressed class ptrs, g1 gc, windows-amd64)
GC Precious Log:
 CardTable entry size: 512
 Card Set container configuration: InlinePtr #cards 5 size 8 Array Of Cards #cards 12 size 40 Howl #buckets 4 coarsen threshold 1843 Howl Bitmap #cards 512 size 80 coarsen threshold 460 Card regions per heap region 1 cards per card region 2048
 CPUs: 12 total, 12 available
 Memory: 7484M
 Large Page Support: Disabled
 NUMA Support: Disabled
 Compressed Oops: Enabled (32-bit)
 Heap Region Size: 1M
 Heap Min Capacity: 8M
 Heap Initial Capacity: 118M
 Heap Max Capacity: 2G
 Pre-touch: Disabled
 Parallel Workers: 10
 Concurrent Workers: 3
 Concurrent Refinement Workers: 10
 Periodic GC: Disabled
Heap:
 garbage-first heap   total 193536K, used 123631K [0x0000000080000000, 0x0000000100000000)
  region size 1024K, 8 young (8192K), 8 survivors (8192K)
 Metaspace       used 105630K, committed 107968K, reserved 1179648K
  class space    used 14469K, committed 15616K, reserved 1048576K
GC Heap History (20 events):
Event: 69.081 GC heap after
{Heap after GC invocations=24 (full 0):
 garbage-first heap   total 129024K, used 55562K [0x0000000080000000, 0x0000000100000000)
  region size 1024K, 7 young (7168K), 7 survivors (7168K)
 Metaspace       used 66313K, committed 68160K, reserved 1114112K
  class space    used 9847K, committed 10752K, reserved 1048576K
}
Event: 70.465 GC heap before
{Heap before GC invocations=24 (full 0):
 garbage-first heap   total 129024K, used 113930K [0x0000000080000000, 0x0000000100000000)
  region size 1024K, 66 young (67584K), 7 survivors (7168K)
 Metaspace       used 74586K, committed 76544K, reserved 1114112K
  class space    used 10893K, committed 11840K, reserved 1048576K
}
Event: 70.472 GC heap after
{Heap after GC invocations=25 (full 0):
 garbage-first heap   total 129024K, used 57246K [0x0000000080000000, 0x0000000100000000)
  region size 1024K, 6 young (6144K), 6 survivors (6144K)
 Metaspace       used 74586K, committed 76544K, reserved 1114112K
  class space    used 10893K, committed 11840K, reserved 1048576K
}
Event: 72.209 GC heap before
{Heap before GC invocations=26 (full 0):
 garbage-first heap   total 132096K, used 129950K [0x0000000080000000, 0x0000000100000000)
  region size 1024K, 63 young (64512K), 6 survivors (6144K)
 Metaspace       used 74931K, committed 76928K, reserved 1179648K
  class space    used 10904K, committed 11840K, reserved 1048576K
}
Event: 72.226 GC heap after
{Heap after GC invocations=27 (full 0):
 garbage-first heap   total 155648K, used 81920K [0x0000000080000000, 0x0000000100000000)
  region size 1024K, 8 young (8192K), 8 survivors (8192K)
 Metaspace       used 74931K, committed 76928K, reserved 1179648K
  class space    used 10904K, committed 11840K, reserved 1048576K
}
Event: 79.652 GC heap before
{Heap before GC invocations=27 (full 0):
 garbage-first heap   total 155648K, used 134144K [0x0000000080000000, 0x0000000100000000)
  region size 1024K, 57 young (58368K), 8 survivors (8192K)
 Metaspace       used 75364K, committed 77312K, reserved 1179648K
  class space    used 10985K, committed 11904K, reserved 1048576K
}
Event: 79.663 GC heap after
{Heap after GC invocations=28 (full 0):
 garbage-first heap   total 156672K, used 88964K [0x0000000080000000, 0x0000000100000000)
  region size 1024K, 8 young (8192K), 8 survivors (8192K)
 Metaspace       used 75364K, committed 77312K, reserved 1179648K
  class space    used 10985K, committed 11904K, reserved 1048576K
}
Event: 79.924 GC heap before
{Heap before GC invocations=28 (full 0):
 garbage-first heap   total 156672K, used 113540K [0x0000000080000000, 0x0000000100000000)
  region size 1024K, 33 young (33792K), 8 survivors (8192K)
 Metaspace       used 78716K, committed 80640K, reserved 1179648K
  class space    used 11364K, committed 12288K, reserved 1048576K
}
Event: 79.929 GC heap after
{Heap after GC invocations=29 (full 0):
 garbage-first heap   total 156672K, used 92393K [0x0000000080000000, 0x0000000100000000)
  region size 1024K, 3 young (3072K), 3 survivors (3072K)
 Metaspace       used 78716K, committed 80640K, reserved 1179648K
  class space    used 11364K, committed 12288K, reserved 1048576K
}
Event: 80.437 GC heap before
{Heap before GC invocations=30 (full 0):
 garbage-first heap   total 167936K, used 149737K [0x0000000080000000, 0x0000000100000000)
  region size 1024K, 45 young (46080K), 3 survivors (3072K)
 Metaspace       used 82386K, committed 84352K, reserved 1179648K
  class space    used 11723K, committed 12672K, reserved 1048576K
}
Event: 80.440 GC heap after
{Heap after GC invocations=31 (full 0):
 garbage-first heap   total 167936K, used 112331K [0x0000000080000000, 0x0000000100000000)
  region size 1024K, 6 young (6144K), 6 survivors (6144K)
 Metaspace       used 82386K, committed 84352K, reserved 1179648K
  class space    used 11723K, committed 12672K, reserved 1048576K
}
Event: 80.740 GC heap before
{Heap before GC invocations=31 (full 0):
 garbage-first heap   total 167936K, used 150219K [0x0000000080000000, 0x0000000100000000)
  region size 1024K, 43 young (44032K), 6 survivors (6144K)
 Metaspace       used 86825K, committed 89152K, reserved 1179648K
  class space    used 12230K, committed 13376K, reserved 1048576K
}
Event: 80.744 GC heap after
{Heap after GC invocations=32 (full 0):
 garbage-first heap   total 167936K, used 112936K [0x0000000080000000, 0x0000000100000000)
  region size 1024K, 3 young (3072K), 3 survivors (3072K)
 Metaspace       used 86825K, committed 89152K, reserved 1179648K
  class space    used 12230K, committed 13376K, reserved 1048576K
}
Event: 81.184 GC heap before
{Heap before GC invocations=32 (full 0):
 garbage-first heap   total 167936K, used 151848K [0x0000000080000000, 0x0000000100000000)
  region size 1024K, 41 young (41984K), 3 survivors (3072K)
 Metaspace       used 91869K, committed 94144K, reserved 1179648K
  class space    used 12854K, committed 13952K, reserved 1048576K
}
Event: 81.188 GC heap after
{Heap after GC invocations=33 (full 0):
 garbage-first heap   total 167936K, used 114793K [0x0000000080000000, 0x0000000100000000)
  region size 1024K, 5 young (5120K), 5 survivors (5120K)
 Metaspace       used 91869K, committed 94144K, reserved 1179648K
  class space    used 12854K, committed 13952K, reserved 1048576K
}
Event: 82.918 GC heap before
{Heap before GC invocations=34 (full 0):
 garbage-first heap   total 193536K, used 154729K [0x0000000080000000, 0x0000000100000000)
  region size 1024K, 43 young (44032K), 5 survivors (5120K)
 Metaspace       used 96052K, committed 98368K, reserved 1179648K
  class space    used 13393K, committed 14528K, reserved 1048576K
}
Event: 82.922 GC heap after
{Heap after GC invocations=35 (full 0):
 garbage-first heap   total 193536K, used 118426K [0x0000000080000000, 0x0000000100000000)
  region size 1024K, 6 young (6144K), 6 survivors (6144K)
 Metaspace       used 96052K, committed 98368K, reserved 1179648K
  class space    used 13393K, committed 14528K, reserved 1048576K
}
Event: 83.400 GC heap before
{Heap before GC invocations=35 (full 0):
 garbage-first heap   total 193536K, used 174746K [0x0000000080000000, 0x0000000100000000)
  region size 1024K, 61 young (62464K), 6 survivors (6144K)
 Metaspace       used 98736K, committed 101056K, reserved 1179648K
  class space    used 13672K, committed 14784K, reserved 1048576K
}
Event: 83.404 GC heap after
{Heap after GC invocations=36 (full 0):
 garbage-first heap   total 193536K, used 119203K [0x0000000080000000, 0x0000000100000000)
  region size 1024K, 6 young (6144K), 6 survivors (6144K)
 Metaspace       used 98736K, committed 101056K, reserved 1179648K
  class space    used 13672K, committed 14784K, reserved 1048576K
}
Event: 84.072 GC heap before
{Heap before GC invocations=36 (full 0):
 garbage-first heap   total 193536K, used 176547K [0x0000000080000000, 0x0000000100000000)
  region size 1024K, 63 young (64512K), 6 survivors (6144K)
 Metaspace       used 105630K, committed 107968K, reserved 1179648K
  class space    used 14469K, committed 15616K, reserved 1048576K
}

