# JRE version: OpenJDK Runtime Environment Temurin-21.0.9+10 (21.0.9+10) (build 21.0.9+10-LTS)
# Java VM: OpenJDK 64-Bit Server VM Temurin-21.0.9+10 (21.0.9+10-LTS, mixed mode, sharing, tiered, compressed oops, compressed class ptrs, g1 gc, windows-amd64)
GC Precious Log:
 CardTable entry size: 512
 Card Set container configuration: InlinePtr #cards 5 size 8 Array Of Cards #cards 12 size 40 Howl #buckets 4 coarsen threshold 1843 Howl Bitmap #cards 512 size 80 coarsen threshold 460 Card regions per heap region 1 cards per card region 2048
 CPUs: 12 total, 12 available
 Memory: 7484M
 Large Page Support: Disabled
 NUMA Support: Disabled
 Compressed Oops: Enabled (32-bit)
 Heap Region Size: 1M
 Heap Min Capacity: 8M
 Heap Initial Capacity: 118M
 Heap Max Capacity: 2G
 Pre-touch: Disabled
 Parallel Workers: 10
 Concurrent Workers: 3
 Concurrent Refinement Workers: 10
 Periodic GC: Disabled
Heap:
 garbage-first heap   total 187392K, used 174017K [0x0000000080000000, 0x0000000100000000)
  region size 1024K, 60 young (61440K), 4 survivors (4096K)
 Metaspace       used 101201K, committed 103488K, reserved 1179648K
  class space    used 14143K, committed 15232K, reserved 1048576K
GC Heap History (20 events):
Event: 22.742 GC heap after
{Heap after GC invocations=30 (full 0):
 garbage-first heap   total 130048K, used 80620K [0x0000000080000000, 0x0000000100000000)
  region size 1024K, 3 young (3072K), 3 survivors (3072K)
 Metaspace       used 67336K, committed 69312K, reserved 1114112K
  class space    used 9380K, committed 10368K, reserved 1048576K
}
Event: 23.642 GC heap before
{Heap before GC invocations=30 (full 0):
 garbage-first heap   total 130048K, used 122604K [0x0000000080000000, 0x0000000100000000)
  region size 1024K, 40 young (40960K), 3 survivors (3072K)
 Metaspace       used 69964K, committed 72000K, reserved 1114112K
  class space    used 9823K, committed 10816K, reserved 1048576K
}
Event: 23.648 GC heap after
{Heap after GC invocations=31 (full 0):
 garbage-first heap   total 132096K, used 88064K [0x0000000080000000, 0x0000000100000000)
  region size 1024K, 5 young (5120K), 5 survivors (5120K)
 Metaspace       used 69964K, committed 72000K, reserved 1114112K
  class space    used 9823K, committed 10816K, reserved 1048576K
}
Event: 23.683 GC heap before
{Heap before GC invocations=31 (full 0):
 garbage-first heap   total 132096K, used 92160K [0x0000000080000000, 0x0000000100000000)
  region size 1024K, 10 young (10240K), 5 survivors (5120K)
 Metaspace       used 69972K, committed 72000K, reserved 1114112K
  class space    used 9823K, committed 10816K, reserved 1048576K
}
Event: 23.687 GC heap after
{Heap after GC invocations=32 (full 0):
 garbage-first heap   total 132096K, used 86573K [0x0000000080000000, 0x0000000100000000)
  region size 1024K, 2 young (2048K), 2 survivors (2048K)
 Metaspace       used 69972K, committed 72000K, reserved 1114112K
  class space    used 9823K, committed 10816K, reserved 1048576K
}
Event: 24.591 GC heap before
{Heap before GC invocations=33 (full 0):
 garbage-first heap   total 148480K, used 119341K [0x0000000080000000, 0x0000000100000000)
  region size 1024K, 33 young (33792K), 2 survivors (2048K)
 Metaspace       used 72150K, committed 74176K, reserved 1114112K
  class space    used 10130K, committed 11136K, reserved 1048576K
}
Event: 24.596 GC heap after
{Heap after GC invocations=34 (full 0):
 garbage-first heap   total 178176K, used 88835K [0x0000000080000000, 0x0000000100000000)
  region size 1024K, 3 young (3072K), 3 survivors (3072K)
 Metaspace       used 72150K, committed 74176K, reserved 1114112K
  class space    used 10130K, committed 11136K, reserved 1048576K
}
Event: 29.573 GC heap before
{Heap before GC invocations=34 (full 0):
 garbage-first heap   total 178176K, used 161539K [0x0000000080000000, 0x0000000100000000)
  region size 1024K, 71 young (72704K), 3 survivors (3072K)
 Metaspace       used 78343K, committed 80448K, reserved 1179648K
  class space    used 10931K, committed 11968K, reserved 1048576K
}
Event: 29.580 GC heap after
{Heap after GC invocations=35 (full 0):
 garbage-first heap   total 178176K, used 94631K [0x0000000080000000, 0x0000000100000000)
  region size 1024K, 6 young (6144K), 6 survivors (6144K)
 Metaspace       used 78343K, committed 80448K, reserved 1179648K
  class space    used 10931K, committed 11968K, reserved 1048576K
}
Event: 31.074 GC heap before
{Heap before GC invocations=35 (full 0):
 garbage-first heap   total 178176K, used 150951K [0x0000000080000000, 0x0000000100000000)
  region size 1024K, 63 young (64512K), 6 survivors (6144K)
 Metaspace       used 81953K, committed 84096K, reserved 1179648K
  class space    used 11465K, committed 12544K, reserved 1048576K
}
Event: 31.082 GC heap after
{Heap after GC invocations=36 (full 0):
 garbage-first heap   total 178176K, used 98714K [0x0000000080000000, 0x0000000100000000)
  region size 1024K, 9 young (9216K), 9 survivors (9216K)
 Metaspace       used 81953K, committed 84096K, reserved 1179648K
  class space    used 11465K, committed 12544K, reserved 1048576K
}
Event: 32.922 GC heap before
{Heap before GC invocations=37 (full 0):
 garbage-first heap   total 178176K, used 169370K [0x0000000080000000, 0x0000000100000000)
  region size 1024K, 70 young (71680K), 9 survivors (9216K)
 Metaspace       used 89044K, committed 91200K, reserved 1179648K
  class space    used 12681K, committed 13760K, reserved 1048576K
}
Event: 32.929 GC heap after
{Heap after GC invocations=38 (full 0):
 garbage-first heap   total 181248K, used 100752K [0x0000000080000000, 0x0000000100000000)
  region size 1024K, 6 young (6144K), 6 survivors (6144K)
 Metaspace       used 89044K, committed 91200K, reserved 1179648K
  class space    used 12681K, committed 13760K, reserved 1048576K
}
Event: 34.109 GC heap before
{Heap before GC invocations=38 (full 0):
 garbage-first heap   total 181248K, used 165264K [0x0000000080000000, 0x0000000100000000)
  region size 1024K, 70 young (71680K), 6 survivors (6144K)
 Metaspace       used 89702K, committed 91904K, reserved 1179648K
  class space    used 12731K, committed 13824K, reserved 1048576K
}
Event: 34.116 GC heap after
{Heap after GC invocations=39 (full 0):
 garbage-first heap   total 181248K, used 99191K [0x0000000080000000, 0x0000000100000000)
  region size 1024K, 2 young (2048K), 2 survivors (2048K)
 Metaspace       used 89702K, committed 91904K, reserved 1179648K
  class space    used 12731K, committed 13824K, reserved 1048576K
}
Event: 41.780 GC heap before
{Heap before GC invocations=39 (full 0):
 garbage-first heap   total 181248K, used 167799K [0x0000000080000000, 0x0000000100000000)
  region size 1024K, 69 young (70656K), 2 survivors (2048K)
 Metaspace       used 94807K, committed 97088K, reserved 1179648K
  class space    used 13365K, committed 14464K, reserved 1048576K
}
Event: 41.785 GC heap after
{Heap after GC invocations=40 (full 0):
 garbage-first heap   total 181248K, used 103238K [0x0000000080000000, 0x0000000100000000)
  region size 1024K, 6 young (6144K), 6 survivors (6144K)
 Metaspace       used 94807K, committed 97088K, reserved 1179648K
  class space    used 13365K, committed 14464K, reserved 1048576K
}
Event: 43.345 GC heap before
{Heap before GC invocations=41 (full 0):
 garbage-first heap   total 181248K, used 173894K [0x0000000080000000, 0x0000000100000000)
  region size 1024K, 69 young (70656K), 6 survivors (6144K)
 Metaspace       used 101075K, committed 103360K, reserved 1179648K
  class space    used 14138K, committed 15232K, reserved 1048576K
}
Event: 43.355 GC heap after
{Heap after GC invocations=42 (full 0):
 garbage-first heap   total 186368K, used 115649K [0x0000000080000000, 0x0000000100000000)
  region size 1024K, 9 young (9216K), 9 survivors (9216K)
 Metaspace       used 101075K, committed 103360K, reserved 1179648K
  class space    used 14138K, committed 15232K, reserved 1048576K
}
Event: 43.913 GC heap before
{Heap before GC invocations=42 (full 0):
 garbage-first heap   total 186368K, used 174017K [0x0000000080000000, 0x0000000100000000)
  region size 1024K, 65 young (66560K), 9 survivors (9216K)
 Metaspace       used 101201K, committed 103488K, reserved 1179648K
  class space    used 14143K, committed 15232K, reserved 1048576K
}

