# JRE version: OpenJDK Runtime Environment Temurin-21.0.9+10 (21.0.9+10) (build 21.0.9+10-LTS)
# Java VM: OpenJDK 64-Bit Server VM Temurin-21.0.9+10 (21.0.9+10-LTS, mixed mode, sharing, tiered, compressed oops, compressed class ptrs, g1 gc, windows-amd64)
GC Precious Log:
 CardTable entry size: 512
 Card Set container configuration: InlinePtr #cards 5 size 8 Array Of Cards #cards 12 size 40 Howl #buckets 4 coarsen threshold 1843 Howl Bitmap #cards 512 size 80 coarsen threshold 460 Card regions per heap region 1 cards per card region 2048
 CPUs: 12 total, 12 available
 Memory: 7484M
 Large Page Support: Disabled
 NUMA Support: Disabled
 Compressed Oops: Enabled (32-bit)
 Heap Region Size: 1M
 Heap Min Capacity: 8M
 Heap Initial Capacity: 118M
 Heap Max Capacity: 2G
 Pre-touch: Disabled
 Parallel Workers: 10
 Concurrent Workers: 3
 Concurrent Refinement Workers: 10
 Periodic GC: Disabled
Heap:
 garbage-first heap   total 273408K, used 247045K [0x0000000080000000, 0x0000000100000000)
  region size 1024K, 83 young (84992K), 4 survivors (4096K)
 Metaspace       used 147656K, committed 150336K, reserved 1179648K
  class space    used 19271K, committed 20608K, reserved 1048576K
GC Heap History (20 events):
Event: 61.985 GC heap before
{Heap before GC invocations=42 (full 0):
 garbage-first heap   total 167936K, used 156787K [0x0000000080000000, 0x0000000100000000)
  region size 1024K, 65 young (66560K), 6 survivors (6144K)
 Metaspace       used 97807K, committed 100032K, reserved 1179648K
  class space    used 13852K, committed 14912K, reserved 1048576K
}
Event: 61.990 GC heap after
{Heap after GC invocations=43 (full 0):
 garbage-first heap   total 167936K, used 98592K [0x0000000080000000, 0x0000000100000000)
  region size 1024K, 7 young (7168K), 7 survivors (7168K)
 Metaspace       used 97807K, committed 100032K, reserved 1179648K
  class space    used 13852K, committed 14912K, reserved 1048576K
}
Event: 62.474 GC heap before
{Heap before GC invocations=43 (full 0):
 garbage-first heap   total 167936K, used 166176K [0x0000000080000000, 0x0000000100000000)
  region size 1024K, 65 young (66560K), 7 survivors (7168K)
 Metaspace       used 99784K, committed 102080K, reserved 1179648K
  class space    used 14060K, committed 15168K, reserved 1048576K
}
Event: 62.493 GC heap after
{Heap after GC invocations=44 (full 0):
 garbage-first heap   total 191488K, used 115346K [0x0000000080000000, 0x0000000100000000)
  region size 1024K, 9 young (9216K), 9 survivors (9216K)
 Metaspace       used 99784K, committed 102080K, reserved 1179648K
  class space    used 14060K, committed 15168K, reserved 1048576K
}
Event: 62.816 GC heap before
{Heap before GC invocations=44 (full 0):
 garbage-first heap   total 191488K, used 169618K [0x0000000080000000, 0x0000000100000000)
  region size 1024K, 62 young (63488K), 9 survivors (9216K)
 Metaspace       used 100202K, committed 102464K, reserved 1179648K
  class space    used 14117K, committed 15232K, reserved 1048576K
}
Event: 62.829 GC heap after
{Heap after GC invocations=45 (full 0):
 garbage-first heap   total 194560K, used 130263K [0x0000000080000000, 0x0000000100000000)
  region size 1024K, 8 young (8192K), 8 survivors (8192K)
 Metaspace       used 100202K, committed 102464K, reserved 1179648K
  class space    used 14117K, committed 15232K, reserved 1048576K
}
Event: 63.486 GC heap before
{Heap before GC invocations=46 (full 0):
 garbage-first heap   total 217088K, used 177367K [0x0000000080000000, 0x0000000100000000)
  region size 1024K, 48 young (49152K), 8 survivors (8192K)
 Metaspace       used 104315K, committed 106560K, reserved 1179648K
  class space    used 14594K, committed 15680K, reserved 1048576K
}
Event: 63.493 GC heap after
{Heap after GC invocations=47 (full 0):
 garbage-first heap   total 217088K, used 141478K [0x0000000080000000, 0x0000000100000000)
  region size 1024K, 4 young (4096K), 4 survivors (4096K)
 Metaspace       used 104315K, committed 106560K, reserved 1179648K
  class space    used 14594K, committed 15680K, reserved 1048576K
}
Event: 64.188 GC heap before
{Heap before GC invocations=47 (full 0):
 garbage-first heap   total 217088K, used 192678K [0x0000000080000000, 0x0000000100000000)
  region size 1024K, 54 young (55296K), 4 survivors (4096K)
 Metaspace       used 110261K, committed 112768K, reserved 1179648K
  class space    used 15202K, committed 16448K, reserved 1048576K
}
Event: 64.193 GC heap after
{Heap after GC invocations=48 (full 0):
 garbage-first heap   total 217088K, used 144049K [0x0000000080000000, 0x0000000100000000)
  region size 1024K, 7 young (7168K), 7 survivors (7168K)
 Metaspace       used 110261K, committed 112768K, reserved 1179648K
  class space    used 15202K, committed 16448K, reserved 1048576K
}
Event: 64.961 GC heap before
{Heap before GC invocations=48 (full 0):
 garbage-first heap   total 217088K, used 196273K [0x0000000080000000, 0x0000000100000000)
  region size 1024K, 58 young (59392K), 7 survivors (7168K)
 Metaspace       used 116924K, committed 119488K, reserved 1179648K
  class space    used 16091K, committed 17344K, reserved 1048576K
}
Event: 64.968 GC heap after
{Heap after GC invocations=49 (full 0):
 garbage-first heap   total 217088K, used 147553K [0x0000000080000000, 0x0000000100000000)
  region size 1024K, 7 young (7168K), 7 survivors (7168K)
 Metaspace       used 116924K, committed 119488K, reserved 1179648K
  class space    used 16091K, committed 17344K, reserved 1048576K
}
Event: 65.523 GC heap before
{Heap before GC invocations=50 (full 0):
 garbage-first heap   total 247808K, used 199777K [0x0000000080000000, 0x0000000100000000)
  region size 1024K, 57 young (58368K), 7 survivors (7168K)
 Metaspace       used 119846K, committed 122432K, reserved 1179648K
  class space    used 16437K, committed 17728K, reserved 1048576K
}
Event: 65.528 GC heap after
{Heap after GC invocations=51 (full 0):
 garbage-first heap   total 247808K, used 151062K [0x0000000080000000, 0x0000000100000000)
  region size 1024K, 7 young (7168K), 7 survivors (7168K)
 Metaspace       used 119846K, committed 122432K, reserved 1179648K
  class space    used 16437K, committed 17728K, reserved 1048576K
}
Event: 66.219 GC heap before
{Heap before GC invocations=51 (full 0):
 garbage-first heap   total 247808K, used 225814K [0x0000000080000000, 0x0000000100000000)
  region size 1024K, 80 young (81920K), 7 survivors (7168K)
 Metaspace       used 122296K, committed 124864K, reserved 1179648K
  class space    used 16688K, committed 17984K, reserved 1048576K
}
Event: 66.228 GC heap after
{Heap after GC invocations=52 (full 0):
 garbage-first heap   total 247808K, used 155648K [0x0000000080000000, 0x0000000100000000)
  region size 1024K, 10 young (10240K), 10 survivors (10240K)
 Metaspace       used 122296K, committed 124864K, reserved 1179648K
  class space    used 16688K, committed 17984K, reserved 1048576K
}
Event: 67.855 GC heap before
{Heap before GC invocations=52 (full 0):
 garbage-first heap   total 247808K, used 226304K [0x0000000080000000, 0x0000000100000000)
  region size 1024K, 79 young (80896K), 10 survivors (10240K)
 Metaspace       used 129546K, committed 132160K, reserved 1179648K
  class space    used 17367K, committed 18624K, reserved 1048576K
}
Event: 67.866 GC heap after
{Heap after GC invocations=53 (full 0):
 garbage-first heap   total 247808K, used 162704K [0x0000000080000000, 0x0000000100000000)
  region size 1024K, 7 young (7168K), 7 survivors (7168K)
 Metaspace       used 129546K, committed 132160K, reserved 1179648K
  class space    used 17367K, committed 18624K, reserved 1048576K
}
Event: 68.899 GC heap before
{Heap before GC invocations=54 (full 0):
 garbage-first heap   total 273408K, used 228240K [0x0000000080000000, 0x0000000100000000)
  region size 1024K, 71 young (72704K), 7 survivors (7168K)
 Metaspace       used 139799K, committed 142464K, reserved 1179648K
  class space    used 18369K, committed 19648K, reserved 1048576K
}
Event: 68.905 GC heap after
{Heap after GC invocations=55 (full 0):
 garbage-first heap   total 273408K, used 166149K [0x0000000080000000, 0x0000000100000000)
  region size 1024K, 4 young (4096K), 4 survivors (4096K)
 Metaspace       used 139799K, committed 142464K, reserved 1179648K
  class space    used 18369K, committed 19648K, reserved 1048576K
}

